<?xml version="1.0" encoding="UTF-8"?>
<coverage generated="1744481548588" clover="3.2.0">
  <project timestamp="1744481548588" name="All files">
    <metrics statements="732" coveredstatements="552" conditionals="235" coveredconditionals="148" methods="157" coveredmethods="141" elements="1124" coveredelements="841" complexity="0" loc="732" ncloc="732" packages="4" files="11" classes="11"/>
    <package name="src">
      <metrics statements="10" coveredstatements="10" conditionals="0" coveredconditionals="0" methods="11" coveredmethods="11"/>
      <file name="index.ts" path="/Users/annaelmoussa/Documents/package/src/index.ts">
        <metrics statements="10" coveredstatements="10" conditionals="0" coveredconditionals="0" methods="11" coveredmethods="11"/>
        <line num="2" count="2" type="stmt"/>
        <line num="3" count="2" type="stmt"/>
        <line num="4" count="2" type="stmt"/>
        <line num="7" count="2" type="stmt"/>
        <line num="8" count="2" type="stmt"/>
        <line num="9" count="2" type="stmt"/>
        <line num="10" count="2" type="stmt"/>
        <line num="13" count="2" type="stmt"/>
        <line num="14" count="2" type="stmt"/>
        <line num="15" count="2" type="stmt"/>
      </file>
    </package>
    <package name="src.models">
      <metrics statements="109" coveredstatements="109" conditionals="9" coveredconditionals="9" methods="51" coveredmethods="51"/>
      <file name="Command.ts" path="/Users/annaelmoussa/Documents/package/src/models/Command.ts">
        <metrics statements="26" coveredstatements="26" conditionals="0" coveredconditionals="0" methods="10" coveredmethods="10"/>
        <line num="4" count="4" type="stmt"/>
        <line num="6" count="4" type="stmt"/>
        <line num="7" count="4" type="stmt"/>
        <line num="8" count="4" type="stmt"/>
        <line num="9" count="4" type="stmt"/>
        <line num="10" count="4" type="stmt"/>
        <line num="13" count="4" type="stmt"/>
        <line num="14" count="4" type="stmt"/>
        <line num="15" count="4" type="stmt"/>
        <line num="16" count="4" type="stmt"/>
        <line num="17" count="4" type="stmt"/>
        <line num="18" count="4" type="stmt"/>
        <line num="19" count="4" type="stmt"/>
        <line num="20" count="4" type="stmt"/>
        <line num="24" count="19" type="stmt"/>
        <line num="32" count="19" type="stmt"/>
        <line num="33" count="19" type="stmt"/>
        <line num="41" count="12" type="stmt"/>
        <line num="49" count="1" type="stmt"/>
        <line num="57" count="17" type="stmt"/>
        <line num="65" count="1" type="stmt"/>
        <line num="74" count="8" type="stmt"/>
        <line num="83" count="6" type="stmt"/>
        <line num="92" count="2" type="stmt"/>
        <line num="100" count="2" type="stmt"/>
        <line num="108" count="1" type="stmt"/>
      </file>
      <file name="Network.ts" path="/Users/annaelmoussa/Documents/package/src/models/Network.ts">
        <metrics statements="25" coveredstatements="25" conditionals="5" coveredconditionals="5" methods="14" coveredmethods="14"/>
        <line num="4" count="3" type="stmt"/>
        <line num="5" count="4" type="stmt"/>
        <line num="12" count="4" type="stmt"/>
        <line num="20" count="4" type="stmt"/>
        <line num="28" count="1" type="stmt"/>
        <line num="29" count="2" type="stmt"/>
        <line num="37" count="3" type="stmt"/>
        <line num="59" count="13" type="stmt"/>
        <line num="60" count="13" type="stmt"/>
        <line num="61" count="13" type="stmt"/>
        <line num="62" count="13" type="stmt"/>
        <line num="63" count="13" type="stmt"/>
        <line num="82" count="1" type="stmt"/>
        <line num="97" count="3" type="cond" truecount="2" falsecount="0"/>
        <line num="98" count="3" type="cond" truecount="2" falsecount="0"/>
        <line num="99" count="3" type="stmt"/>
        <line num="107" count="6" type="stmt"/>
        <line num="115" count="6" type="stmt"/>
        <line num="123" count="6" type="stmt"/>
        <line num="131" count="6" type="stmt"/>
        <line num="139" count="6" type="stmt"/>
        <line num="147" count="4" type="stmt"/>
        <line num="154" count="4" type="cond" truecount="1" falsecount="0"/>
        <line num="155" count="2" type="stmt"/>
        <line num="158" count="4" type="stmt"/>
      </file>
      <file name="Position.ts" path="/Users/annaelmoussa/Documents/package/src/models/Position.ts">
        <metrics statements="58" coveredstatements="58" conditionals="4" coveredconditionals="4" methods="27" coveredmethods="27"/>
        <line num="4" count="4" type="stmt"/>
        <line num="6" count="25" type="stmt"/>
        <line num="7" count="25" type="stmt"/>
        <line num="8" count="25" type="stmt"/>
        <line num="9" count="25" type="stmt"/>
        <line num="10" count="25" type="stmt"/>
        <line num="11" count="25" type="stmt"/>
        <line num="12" count="25" type="stmt"/>
        <line num="13" count="25" type="stmt"/>
        <line num="14" count="25" type="stmt"/>
        <line num="15" count="25" type="stmt"/>
        <line num="18" count="25" type="stmt"/>
        <line num="21" count="4" type="stmt"/>
        <line num="22" count="4" type="stmt"/>
        <line num="23" count="4" type="stmt"/>
        <line num="24" count="4" type="stmt"/>
        <line num="27" count="4" type="stmt"/>
        <line num="28" count="4" type="stmt"/>
        <line num="29" count="4" type="stmt"/>
        <line num="30" count="4" type="stmt"/>
        <line num="31" count="4" type="stmt"/>
        <line num="32" count="4" type="stmt"/>
        <line num="33" count="4" type="stmt"/>
        <line num="34" count="4" type="stmt"/>
        <line num="35" count="4" type="stmt"/>
        <line num="36" count="4" type="stmt"/>
        <line num="37" count="4" type="stmt"/>
        <line num="38" count="4" type="stmt"/>
        <line num="41" count="25" type="stmt"/>
        <line num="46" count="7" type="stmt"/>
        <line num="50" count="10" type="stmt"/>
        <line num="54" count="7" type="stmt"/>
        <line num="58" count="1" type="stmt"/>
        <line num="62" count="8" type="stmt"/>
        <line num="66" count="18" type="stmt"/>
        <line num="70" count="3" type="stmt"/>
        <line num="74" count="6" type="stmt"/>
        <line num="78" count="3" type="stmt"/>
        <line num="82" count="6" type="stmt"/>
        <line num="86" count="2" type="stmt"/>
        <line num="90" count="2" type="stmt"/>
        <line num="94" count="3" type="stmt"/>
        <line num="98" count="6" type="stmt"/>
        <line num="102" count="3" type="stmt"/>
        <line num="106" count="6" type="stmt"/>
        <line num="110" count="3" type="stmt"/>
        <line num="114" count="15" type="stmt"/>
        <line num="121" count="2" type="stmt"/>
        <line num="128" count="2" type="stmt"/>
        <line num="135" count="16" type="stmt"/>
        <line num="142" count="9" type="stmt"/>
        <line num="149" count="2" type="stmt"/>
        <line num="156" count="5" type="cond" truecount="2" falsecount="0"/>
        <line num="157" count="5" type="cond" truecount="1" falsecount="0"/>
        <line num="158" count="4" type="stmt"/>
        <line num="159" count="4" type="stmt"/>
        <line num="167" count="11" type="stmt"/>
        <line num="174" count="1" type="stmt"/>
      </file>
    </package>
    <package name="src.protocol">
      <metrics statements="544" coveredstatements="364" conditionals="209" coveredconditionals="123" methods="70" coveredmethods="54"/>
      <file name="H02FrameDecoder.ts" path="/Users/annaelmoussa/Documents/package/src/protocol/H02FrameDecoder.ts">
        <metrics statements="52" coveredstatements="49" conditionals="31" coveredconditionals="29" methods="8" coveredmethods="8"/>
        <line num="4" count="2" type="stmt"/>
        <line num="6" count="2" type="stmt"/>
        <line num="7" count="2" type="stmt"/>
        <line num="16" count="25" type="stmt"/>
        <line num="25" count="17" type="cond" truecount="3" falsecount="0"/>
        <line num="26" count="2" type="stmt"/>
        <line num="30" count="15" type="stmt"/>
        <line num="31" count="15" type="cond" truecount="1" falsecount="0"/>
        <line num="32" count="3" type="stmt"/>
        <line num="36" count="12" type="stmt"/>
        <line num="48" count="15" type="cond" truecount="1" falsecount="0"/>
        <line num="54" count="3" type="stmt"/>
        <line num="56" count="12" type="stmt"/>
        <line num="63" count="12" type="stmt"/>
        <line num="64" count="12" type="cond" truecount="1" falsecount="0"/>
        <line num="65" count="2" type="stmt"/>
        <line num="67" count="10" type="stmt"/>
        <line num="74" count="15" type="stmt"/>
        <line num="75" count="15" type="cond" truecount="1" falsecount="0"/>
        <line num="76" count="9" type="stmt"/>
        <line num="79" count="6" type="cond" truecount="1" falsecount="0"/>
        <line num="80" count="3" type="cond" truecount="2" falsecount="0"/>
        <line num="85" count="3" type="cond" truecount="0" falsecount="1"/>
        <line num="86" count="0" type="stmt"/>
        <line num="89" count="3" type="cond" truecount="1" falsecount="0"/>
        <line num="90" count="3" type="stmt"/>
        <line num="93" count="0" type="stmt"/>
        <line num="100" count="12" type="stmt"/>
        <line num="101" count="12" type="cond" truecount="1" falsecount="0"/>
        <line num="102" count="7" type="stmt"/>
        <line num="105" count="5" type="cond" truecount="1" falsecount="0"/>
        <line num="106" count="3" type="cond" truecount="2" falsecount="0"/>
        <line num="111" count="2" type="cond" truecount="1" falsecount="0"/>
        <line num="112" count="2" type="stmt"/>
        <line num="115" count="0" type="stmt"/>
        <line num="123" count="7" type="stmt"/>
        <line num="124" count="7" type="cond" truecount="1" falsecount="0"/>
        <line num="125" count="2" type="stmt"/>
        <line num="129" count="5" type="stmt"/>
        <line num="130" count="5" type="cond" truecount="1" falsecount="0"/>
        <line num="131" count="2" type="stmt"/>
        <line num="134" count="3" type="stmt"/>
        <line num="135" count="3" type="cond" truecount="1" falsecount="0"/>
        <line num="136" count="2" type="stmt"/>
        <line num="139" count="1" type="stmt"/>
        <line num="149" count="5" type="stmt"/>
        <line num="150" count="5" type="cond" truecount="1" falsecount="0"/>
        <line num="151" count="1" type="stmt"/>
        <line num="155" count="4" type="stmt"/>
        <line num="156" count="4" type="cond" truecount="1" falsecount="0"/>
        <line num="157" count="2" type="stmt"/>
        <line num="161" count="2" type="stmt"/>
      </file>
      <file name="H02Protocol.ts" path="/Users/annaelmoussa/Documents/package/src/protocol/H02Protocol.ts">
        <metrics statements="96" coveredstatements="90" conditionals="20" coveredconditionals="16" methods="20" coveredmethods="19"/>
        <line num="1" count="2" type="stmt"/>
        <line num="2" count="2" type="stmt"/>
        <line num="3" count="2" type="stmt"/>
        <line num="4" count="2" type="stmt"/>
        <line num="5" count="2" type="stmt"/>
        <line num="6" count="2" type="stmt"/>
        <line num="41" count="2" type="stmt"/>
        <line num="43" count="20" type="stmt"/>
        <line num="44" count="20" type="stmt"/>
        <line num="54" count="20" type="stmt"/>
        <line num="57" count="20" type="stmt"/>
        <line num="66" count="20" type="stmt"/>
        <line num="67" count="20" type="stmt"/>
        <line num="68" count="20" type="stmt"/>
        <line num="76" count="11" type="stmt"/>
        <line num="77" count="11" type="cond" truecount="1" falsecount="0"/>
        <line num="78" count="1" type="stmt"/>
        <line num="79" count="1" type="stmt"/>
        <line num="82" count="10" type="stmt"/>
        <line num="84" count="10" type="stmt"/>
        <line num="85" count="0" type="stmt"/>
        <line num="86" count="0" type="stmt"/>
        <line num="89" count="10" type="stmt"/>
        <line num="90" count="10" type="stmt"/>
        <line num="91" count="10" type="stmt"/>
        <line num="101" count="2" type="stmt"/>
        <line num="102" count="2" type="cond" truecount="1" falsecount="0"/>
        <line num="103" count="1" type="stmt"/>
        <line num="104" count="1" type="stmt"/>
        <line num="108" count="1" type="stmt"/>
        <line num="109" count="1" type="stmt"/>
        <line num="111" count="1" type="stmt"/>
        <line num="113" count="1" type="stmt"/>
        <line num="114" count="1" type="cond" truecount="1" falsecount="1"/>
        <line num="115" count="0" type="stmt"/>
        <line num="117" count="1" type="stmt"/>
        <line num="118" count="1" type="stmt"/>
        <line num="119" count="1" type="stmt"/>
        <line num="131" count="3" type="stmt"/>
        <line num="132" count="3" type="stmt"/>
        <line num="133" count="3" type="stmt"/>
        <line num="135" count="3" type="cond" truecount="1" falsecount="0"/>
        <line num="136" count="1" type="stmt"/>
        <line num="137" count="1" type="stmt"/>
        <line num="140" count="2" type="stmt"/>
        <line num="141" count="2" type="cond" truecount="1" falsecount="0"/>
        <line num="142" count="1" type="stmt"/>
        <line num="143" count="1" type="stmt"/>
        <line num="146" count="1" type="stmt"/>
        <line num="147" count="1" type="cond" truecount="1" falsecount="1"/>
        <line num="148" count="0" type="stmt"/>
        <line num="150" count="1" type="stmt"/>
        <line num="151" count="1" type="stmt"/>
        <line num="162" count="3" type="stmt"/>
        <line num="163" count="3" type="stmt"/>
        <line num="165" count="3" type="stmt"/>
        <line num="166" count="3" type="stmt"/>
        <line num="168" count="3" type="stmt"/>
        <line num="170" count="1" type="stmt"/>
        <line num="174" count="1" type="stmt"/>
        <line num="176" count="1" type="stmt"/>
        <line num="179" count="1" type="stmt"/>
        <line num="180" count="1" type="cond" truecount="1" falsecount="0"/>
        <line num="181" count="1" type="stmt"/>
        <line num="184" count="1" type="cond" truecount="3" falsecount="0"/>
        <line num="185" count="1" type="stmt"/>
        <line num="189" count="1" type="stmt"/>
        <line num="192" count="1" type="cond" truecount="1" falsecount="0"/>
        <line num="193" count="1" type="stmt"/>
        <line num="199" count="3" type="stmt"/>
        <line num="200" count="1" type="stmt"/>
        <line num="203" count="1" type="cond" truecount="0" falsecount="1"/>
        <line num="204" count="0" type="stmt"/>
        <line num="208" count="3" type="stmt"/>
        <line num="209" count="1" type="stmt"/>
        <line num="225" count="5" type="cond" truecount="1" falsecount="0"/>
        <line num="227" count="1" type="stmt"/>
        <line num="230" count="4" type="stmt"/>
        <line num="231" count="4" type="stmt"/>
        <line num="233" count="4" type="cond" truecount="0" falsecount="1"/>
        <line num="234" count="0" type="stmt"/>
        <line num="238" count="4" type="stmt"/>
        <line num="240" count="4" type="stmt"/>
        <line num="242" count="4" type="cond" truecount="2" falsecount="0"/>
        <line num="244" count="3" type="stmt"/>
        <line num="247" count="1" type="stmt"/>
        <line num="248" count="1" type="stmt"/>
        <line num="249" count="1" type="stmt"/>
        <line num="250" count="1" type="stmt"/>
        <line num="251" count="1" type="stmt"/>
        <line num="253" count="1" type="stmt"/>
        <line num="256" count="4" type="stmt"/>
        <line num="257" count="4" type="cond" truecount="1" falsecount="0"/>
        <line num="258" count="1" type="stmt"/>
        <line num="272" count="1" type="stmt"/>
        <line num="286" count="1" type="stmt"/>
      </file>
      <file name="H02ProtocolDecoder.ts" path="/Users/annaelmoussa/Documents/package/src/protocol/H02ProtocolDecoder.ts">
        <metrics statements="349" coveredstatements="178" conditionals="141" coveredconditionals="61" methods="36" coveredmethods="21"/>
        <line num="1" count="2" type="stmt"/>
        <line num="2" count="2" type="stmt"/>
        <line num="3" count="2" type="stmt"/>
        <line num="4" count="2" type="stmt"/>
        <line num="9" count="2" type="stmt"/>
        <line num="10" count="9" type="stmt"/>
        <line num="11" count="9" type="stmt"/>
        <line num="12" count="9" type="stmt"/>
        <line num="19" count="9" type="stmt"/>
        <line num="29" count="9" type="cond" truecount="3" falsecount="0"/>
        <line num="30" count="1" type="stmt"/>
        <line num="33" count="8" type="stmt"/>
        <line num="35" count="8" type="cond" truecount="3" falsecount="0"/>
        <line num="37" count="6" type="stmt"/>
        <line num="39" count="1" type="stmt"/>
        <line num="42" count="1" type="cond" truecount="0" falsecount="1"/>
        <line num="43" count="0" type="stmt"/>
        <line num="44" count="0" type="stmt"/>
        <line num="49" count="1" type="stmt"/>
        <line num="60" count="1" type="stmt"/>
        <line num="62" count="1" type="stmt"/>
        <line num="65" count="1" type="stmt"/>
        <line num="68" count="1" type="cond" truecount="1" falsecount="1"/>
        <line num="69" count="0" type="stmt"/>
        <line num="70" count="0" type="stmt"/>
        <line num="72" count="1" type="stmt"/>
        <line num="73" count="1" type="stmt"/>
        <line num="76" count="1" type="stmt"/>
        <line num="77" count="1" type="cond" truecount="0" falsecount="1"/>
        <line num="78" count="0" type="stmt"/>
        <line num="80" count="1" type="stmt"/>
        <line num="83" count="1" type="stmt"/>
        <line num="90" count="1" type="stmt"/>
        <line num="92" count="1" type="stmt"/>
        <line num="95" count="1" type="stmt"/>
        <line num="98" count="1" type="stmt"/>
        <line num="101" count="1" type="stmt"/>
        <line num="102" count="1" type="stmt"/>
        <line num="105" count="1" type="stmt"/>
        <line num="106" count="1" type="stmt"/>
        <line num="107" count="1" type="cond" truecount="0" falsecount="1"/>
        <line num="108" count="0" type="stmt"/>
        <line num="110" count="1" type="cond" truecount="1" falsecount="0"/>
        <line num="111" count="1" type="stmt"/>
        <line num="114" count="1" type="stmt"/>
        <line num="115" count="1" type="stmt"/>
        <line num="117" count="1" type="stmt"/>
        <line num="120" count="1" type="stmt"/>
        <line num="121" count="1" type="stmt"/>
        <line num="125" count="1" type="stmt"/>
        <line num="128" count="1" type="stmt"/>
        <line num="130" count="1" type="stmt"/>
        <line num="144" count="6" type="stmt"/>
        <line num="146" count="6" type="cond" truecount="0" falsecount="1"/>
        <line num="147" count="0" type="stmt"/>
        <line num="151" count="6" type="cond" truecount="0" falsecount="1"/>
        <line num="157" count="0" type="stmt"/>
        <line num="160" count="6" type="stmt"/>
        <line num="161" count="6" type="stmt"/>
        <line num="162" count="6" type="cond" truecount="0" falsecount="1"/>
        <line num="163" count="0" type="stmt"/>
        <line num="166" count="6" type="stmt"/>
        <line num="167" count="6" type="stmt"/>
        <line num="170" count="6" type="stmt"/>
        <line num="171" count="6" type="stmt"/>
        <line num="174" count="6" type="stmt"/>
        <line num="175" count="6" type="cond" truecount="1" falsecount="0"/>
        <line num="176" count="6" type="stmt"/>
        <line num="179" count="6" type="cond" truecount="4" falsecount="4"/>
        <line num="181" count="3" type="stmt"/>
        <line num="183" count="1" type="stmt"/>
        <line num="185" count="0" type="stmt"/>
        <line num="187" count="0" type="stmt"/>
        <line num="189" count="0" type="stmt"/>
        <line num="191" count="0" type="stmt"/>
        <line num="193" count="1" type="stmt"/>
        <line num="195" count="1" type="stmt"/>
        <line num="203" count="4" type="stmt"/>
        <line num="204" count="4" type="stmt"/>
        <line num="207" count="4" type="stmt"/>
        <line num="208" count="4" type="stmt"/>
        <line num="209" count="4" type="stmt"/>
        <line num="210" count="4" type="stmt"/>
        <line num="211" count="4" type="stmt"/>
        <line num="213" count="4" type="stmt"/>
        <line num="215" count="4" type="stmt"/>
        <line num="216" count="4" type="stmt"/>
        <line num="218" count="4" type="stmt"/>
        <line num="229" count="4" type="cond" truecount="3" falsecount="0"/>
        <line num="230" count="3" type="stmt"/>
        <line num="235" count="3" type="stmt"/>
        <line num="237" count="4" type="stmt"/>
        <line num="248" count="4" type="cond" truecount="1" falsecount="0"/>
        <line num="249" count="3" type="cond" truecount="2" falsecount="2"/>
        <line num="250" count="3" type="stmt"/>
        <line num="251" count="3" type="stmt"/>
        <line num="252" count="0" type="cond" truecount="0" falsecount="1"/>
        <line num="253" count="0" type="stmt"/>
        <line num="254" count="0" type="stmt"/>
        <line num="257" count="4" type="stmt"/>
        <line num="268" count="4" type="cond" truecount="1" falsecount="0"/>
        <line num="269" count="1" type="stmt"/>
        <line num="272" count="3" type="stmt"/>
        <line num="273" count="3" type="stmt"/>
        <line num="275" count="3" type="cond" truecount="2" falsecount="2"/>
        <line num="276" count="0" type="stmt"/>
        <line num="277" count="3" type="cond" truecount="1" falsecount="1"/>
        <line num="281" count="3" type="stmt"/>
        <line num="282" count="0" type="cond" truecount="0" falsecount="3"/>
        <line num="283" count="0" type="stmt"/>
        <line num="286" count="0" type="stmt"/>
        <line num="298" count="0" type="stmt"/>
        <line num="299" count="0" type="stmt"/>
        <line num="300" count="0" type="cond" truecount="0" falsecount="1"/>
        <line num="301" count="0" type="stmt"/>
        <line num="303" count="0" type="stmt"/>
        <line num="305" count="0" type="stmt"/>
        <line num="306" count="0" type="stmt"/>
        <line num="307" count="0" type="cond" truecount="0" falsecount="1"/>
        <line num="308" count="0" type="stmt"/>
        <line num="310" count="0" type="stmt"/>
        <line num="312" count="0" type="stmt"/>
        <line num="313" count="0" type="stmt"/>
        <line num="314" count="0" type="stmt"/>
        <line num="327" count="3" type="stmt"/>
        <line num="329" count="3" type="stmt"/>
        <line num="330" count="3" type="cond" truecount="0" falsecount="1"/>
        <line num="331" count="0" type="stmt"/>
        <line num="333" count="3" type="stmt"/>
        <line num="336" count="3" type="stmt"/>
        <line num="338" count="3" type="stmt"/>
        <line num="339" count="3" type="cond" truecount="0" falsecount="1"/>
        <line num="340" count="0" type="stmt"/>
        <line num="342" count="3" type="stmt"/>
        <line num="344" count="3" type="stmt"/>
        <line num="345" count="3" type="stmt"/>
        <line num="346" count="3" type="stmt"/>
        <line num="358" count="0" type="stmt"/>
        <line num="359" count="0" type="stmt"/>
        <line num="360" count="0" type="stmt"/>
        <line num="361" count="0" type="stmt"/>
        <line num="362" count="0" type="stmt"/>
        <line num="363" count="0" type="cond" truecount="0" falsecount="1"/>
        <line num="364" count="0" type="stmt"/>
        <line num="366" count="0" type="stmt"/>
        <line num="368" count="0" type="stmt"/>
        <line num="369" count="0" type="stmt"/>
        <line num="370" count="0" type="stmt"/>
        <line num="371" count="0" type="stmt"/>
        <line num="372" count="0" type="stmt"/>
        <line num="373" count="0" type="cond" truecount="0" falsecount="1"/>
        <line num="374" count="0" type="stmt"/>
        <line num="376" count="0" type="stmt"/>
        <line num="378" count="0" type="stmt"/>
        <line num="379" count="0" type="stmt"/>
        <line num="380" count="0" type="stmt"/>
        <line num="392" count="4" type="cond" truecount="1" falsecount="0"/>
        <line num="393" count="3" type="stmt"/>
        <line num="394" count="3" type="stmt"/>
        <line num="398" count="4" type="cond" truecount="1" falsecount="0"/>
        <line num="399" count="3" type="stmt"/>
        <line num="400" count="3" type="stmt"/>
        <line num="403" count="4" type="stmt"/>
        <line num="414" count="4" type="cond" truecount="3" falsecount="0"/>
        <line num="415" count="3" type="stmt"/>
        <line num="420" count="3" type="stmt"/>
        <line num="422" count="4" type="stmt"/>
        <line num="433" count="4" type="cond" truecount="1" falsecount="0"/>
        <line num="435" count="3" type="stmt"/>
        <line num="436" count="3" type="cond" truecount="1" falsecount="0"/>
        <line num="437" count="3" type="stmt"/>
        <line num="440" count="3" type="cond" truecount="1" falsecount="0"/>
        <line num="441" count="3" type="stmt"/>
        <line num="442" count="3" type="stmt"/>
        <line num="444" count="3" type="stmt"/>
        <line num="446" count="4" type="stmt"/>
        <line num="457" count="4" type="cond" truecount="1" falsecount="0"/>
        <line num="458" count="4" type="stmt"/>
        <line num="461" count="0" type="cond" truecount="0" falsecount="2"/>
        <line num="462" count="0" type="stmt"/>
        <line num="464" count="0" type="stmt"/>
        <line num="472" count="0" type="stmt"/>
        <line num="487" count="0" type="stmt"/>
        <line num="488" count="0" type="stmt"/>
        <line num="489" count="0" type="stmt"/>
        <line num="490" count="0" type="stmt"/>
        <line num="492" count="0" type="stmt"/>
        <line num="493" count="0" type="stmt"/>
        <line num="495" count="0" type="stmt"/>
        <line num="496" count="0" type="stmt"/>
        <line num="507" count="0" type="stmt"/>
        <line num="508" count="0" type="stmt"/>
        <line num="509" count="0" type="stmt"/>
        <line num="517" count="3" type="stmt"/>
        <line num="518" count="3" type="stmt"/>
        <line num="521" count="3" type="cond" truecount="1" falsecount="0"/>
        <line num="522" count="3" type="stmt"/>
        <line num="525" count="0" type="stmt"/>
        <line num="532" count="1" type="cond" truecount="1" falsecount="0"/>
        <line num="534" count="1" type="stmt"/>
        <line num="535" count="1" type="cond" truecount="1" falsecount="0"/>
        <line num="536" count="1" type="stmt"/>
        <line num="538" count="1" type="stmt"/>
        <line num="540" count="1" type="stmt"/>
        <line num="541" count="1" type="stmt"/>
        <line num="548" count="0" type="cond" truecount="0" falsecount="1"/>
        <line num="549" count="0" type="stmt"/>
        <line num="552" count="0" type="stmt"/>
        <line num="558" count="0" type="stmt"/>
        <line num="559" count="0" type="stmt"/>
        <line num="560" count="0" type="stmt"/>
        <line num="563" count="0" type="stmt"/>
        <line num="564" count="0" type="stmt"/>
        <line num="566" count="0" type="stmt"/>
        <line num="567" count="0" type="stmt"/>
        <line num="568" count="0" type="cond" truecount="0" falsecount="1"/>
        <line num="569" count="0" type="stmt"/>
        <line num="581" count="0" type="stmt"/>
        <line num="583" count="0" type="stmt"/>
        <line num="589" count="0" type="stmt"/>
        <line num="591" count="0" type="cond" truecount="0" falsecount="1"/>
        <line num="592" count="0" type="stmt"/>
        <line num="595" count="0" type="stmt"/>
        <line num="602" count="0" type="cond" truecount="0" falsecount="1"/>
        <line num="603" count="0" type="stmt"/>
        <line num="606" count="0" type="stmt"/>
        <line num="612" count="0" type="stmt"/>
        <line num="613" count="0" type="stmt"/>
        <line num="614" count="0" type="stmt"/>
        <line num="615" count="0" type="stmt"/>
        <line num="616" count="0" type="stmt"/>
        <line num="618" count="0" type="stmt"/>
        <line num="624" count="0" type="stmt"/>
        <line num="626" count="0" type="cond" truecount="0" falsecount="1"/>
        <line num="627" count="0" type="stmt"/>
        <line num="630" count="0" type="stmt"/>
        <line num="637" count="0" type="cond" truecount="0" falsecount="1"/>
        <line num="638" count="0" type="stmt"/>
        <line num="641" count="0" type="stmt"/>
        <line num="647" count="0" type="stmt"/>
        <line num="648" count="0" type="stmt"/>
        <line num="649" count="0" type="stmt"/>
        <line num="651" count="0" type="stmt"/>
        <line num="652" count="0" type="stmt"/>
        <line num="654" count="0" type="cond" truecount="0" falsecount="2"/>
        <line num="655" count="0" type="stmt"/>
        <line num="665" count="0" type="stmt"/>
        <line num="666" count="0" type="stmt"/>
        <line num="668" count="0" type="stmt"/>
        <line num="674" count="0" type="stmt"/>
        <line num="676" count="0" type="cond" truecount="0" falsecount="1"/>
        <line num="677" count="0" type="stmt"/>
        <line num="680" count="0" type="stmt"/>
        <line num="687" count="0" type="cond" truecount="0" falsecount="1"/>
        <line num="688" count="0" type="stmt"/>
        <line num="692" count="0" type="cond" truecount="0" falsecount="2"/>
        <line num="693" count="0" type="stmt"/>
        <line num="694" count="0" type="cond" truecount="0" falsecount="3"/>
        <line num="695" count="0" type="stmt"/>
        <line num="698" count="0" type="stmt"/>
        <line num="705" count="0" type="stmt"/>
        <line num="707" count="0" type="stmt"/>
        <line num="708" count="0" type="stmt"/>
        <line num="710" count="0" type="stmt"/>
        <line num="711" count="0" type="stmt"/>
        <line num="713" count="0" type="stmt"/>
        <line num="714" count="0" type="stmt"/>
        <line num="715" count="0" type="cond" truecount="0" falsecount="1"/>
        <line num="716" count="0" type="stmt"/>
        <line num="728" count="0" type="stmt"/>
        <line num="729" count="0" type="stmt"/>
        <line num="736" count="0" type="stmt"/>
        <line num="738" count="0" type="stmt"/>
        <line num="739" count="0" type="stmt"/>
        <line num="740" count="0" type="stmt"/>
        <line num="742" count="0" type="stmt"/>
        <line num="750" count="0" type="cond" truecount="0" falsecount="1"/>
        <line num="752" count="0" type="stmt"/>
        <line num="754" count="0" type="cond" truecount="0" falsecount="2"/>
        <line num="758" count="0" type="cond" truecount="0" falsecount="1"/>
        <line num="760" count="0" type="stmt"/>
        <line num="762" count="0" type="cond" truecount="0" falsecount="2"/>
        <line num="770" count="0" type="cond" truecount="0" falsecount="1"/>
        <line num="771" count="0" type="stmt"/>
        <line num="772" count="0" type="stmt"/>
        <line num="780" count="0" type="cond" truecount="0" falsecount="4"/>
        <line num="781" count="0" type="stmt"/>
        <line num="791" count="0" type="stmt"/>
        <line num="802" count="1" type="cond" truecount="0" falsecount="1"/>
        <line num="803" count="0" type="stmt"/>
        <line num="806" count="1" type="stmt"/>
        <line num="809" count="1" type="stmt"/>
        <line num="810" count="1" type="cond" truecount="1" falsecount="0"/>
        <line num="811" count="1" type="stmt"/>
        <line num="813" count="1" type="stmt"/>
        <line num="816" count="1" type="cond" truecount="2" falsecount="1"/>
        <line num="817" count="0" type="stmt"/>
        <line num="818" count="0" type="stmt"/>
        <line num="821" count="1" type="stmt"/>
        <line num="828" count="0" type="cond" truecount="0" falsecount="2"/>
        <line num="829" count="0" type="stmt"/>
        <line num="830" count="0" type="cond" truecount="0" falsecount="2"/>
        <line num="831" count="0" type="stmt"/>
        <line num="833" count="0" type="stmt"/>
        <line num="841" count="4" type="stmt"/>
        <line num="844" count="4" type="cond" truecount="1" falsecount="0"/>
        <line num="845" count="4" type="stmt"/>
        <line num="849" count="4" type="cond" truecount="1" falsecount="0"/>
        <line num="850" count="1" type="stmt"/>
        <line num="853" count="4" type="cond" truecount="2" falsecount="1"/>
        <line num="854" count="0" type="stmt"/>
        <line num="857" count="4" type="cond" truecount="0" falsecount="1"/>
        <line num="858" count="0" type="stmt"/>
        <line num="861" count="4" type="cond" truecount="0" falsecount="1"/>
        <line num="862" count="0" type="stmt"/>
        <line num="869" count="4" type="cond" truecount="2" falsecount="0"/>
        <line num="870" count="3" type="stmt"/>
        <line num="873" count="1" type="stmt"/>
        <line num="881" count="1" type="cond" truecount="1" falsecount="1"/>
        <line num="882" count="0" type="stmt"/>
        <line num="883" count="1" type="cond" truecount="1" falsecount="1"/>
        <line num="884" count="0" type="stmt"/>
        <line num="885" count="1" type="cond" truecount="1" falsecount="1"/>
        <line num="886" count="0" type="stmt"/>
        <line num="887" count="1" type="cond" truecount="1" falsecount="1"/>
        <line num="888" count="0" type="stmt"/>
        <line num="889" count="1" type="cond" truecount="2" falsecount="2"/>
        <line num="890" count="0" type="stmt"/>
        <line num="892" count="1" type="stmt"/>
        <line num="900" count="2" type="stmt"/>
        <line num="901" count="2" type="cond" truecount="1" falsecount="0"/>
        <line num="902" count="1" type="stmt"/>
        <line num="905" count="2" type="stmt"/>
        <line num="906" count="2" type="cond" truecount="1" falsecount="0"/>
        <line num="907" count="1" type="stmt"/>
        <line num="910" count="2" type="cond" truecount="2" falsecount="0"/>
        <line num="912" count="2" type="cond" truecount="2" falsecount="0"/>
        <line num="913" count="1" type="stmt"/>
        <line num="917" count="1" type="stmt"/>
        <line num="922" count="2" type="stmt"/>
        <line num="923" count="2" type="stmt"/>
        <line num="925" count="2" type="stmt"/>
        <line num="936" count="7" type="cond" truecount="0" falsecount="1"/>
        <line num="937" count="0" type="cond" truecount="0" falsecount="2"/>
        <line num="942" count="7" type="stmt"/>
        <line num="943" count="7" type="stmt"/>
        <line num="950" count="5" type="cond" truecount="1" falsecount="1"/>
        <line num="951" count="5" type="stmt"/>
        <line num="953" count="0" type="stmt"/>
      </file>
      <file name="H02ProtocolEncoder.ts" path="/Users/annaelmoussa/Documents/package/src/protocol/H02ProtocolEncoder.ts">
        <metrics statements="47" coveredstatements="47" conditionals="17" coveredconditionals="17" methods="6" coveredmethods="6"/>
        <line num="1" count="2" type="stmt"/>
        <line num="6" count="2" type="stmt"/>
        <line num="7" count="2" type="stmt"/>
        <line num="8" count="18" type="stmt"/>
        <line num="9" count="18" type="stmt"/>
        <line num="10" count="18" type="stmt"/>
        <line num="17" count="18" type="stmt"/>
        <line num="27" count="8" type="stmt"/>
        <line num="28" count="8" type="stmt"/>
        <line num="38" count="10" type="stmt"/>
        <line num="39" count="10" type="cond" truecount="1" falsecount="0"/>
        <line num="40" count="1" type="stmt"/>
        <line num="43" count="9" type="stmt"/>
        <line num="45" count="9" type="cond" truecount="6" falsecount="0"/>
        <line num="47" count="2" type="stmt"/>
        <line num="50" count="1" type="stmt"/>
        <line num="53" count="1" type="stmt"/>
        <line num="56" count="1" type="stmt"/>
        <line num="59" count="3" type="stmt"/>
        <line num="60" count="3" type="cond" truecount="1" falsecount="0"/>
        <line num="61" count="1" type="stmt"/>
        <line num="64" count="2" type="cond" truecount="2" falsecount="0"/>
        <line num="67" count="1" type="stmt"/>
        <line num="69" count="1" type="stmt"/>
        <line num="74" count="1" type="stmt"/>
        <line num="93" count="7" type="stmt"/>
        <line num="94" count="7" type="stmt"/>
        <line num="95" count="7" type="stmt"/>
        <line num="96" count="7" type="stmt"/>
        <line num="99" count="7" type="stmt"/>
        <line num="102" count="7" type="stmt"/>
        <line num="103" count="13" type="stmt"/>
        <line num="107" count="7" type="stmt"/>
        <line num="109" count="7" type="stmt"/>
        <line num="119" count="10" type="cond" truecount="1" falsecount="0"/>
        <line num="120" count="1" type="cond" truecount="2" falsecount="0"/>
        <line num="125" count="9" type="stmt"/>
        <line num="126" count="9" type="stmt"/>
        <line num="137" count="4" type="stmt"/>
        <line num="138" count="4" type="cond" truecount="1" falsecount="0"/>
        <line num="139" count="1" type="stmt"/>
        <line num="143" count="3" type="stmt"/>
        <line num="144" count="3" type="cond" truecount="1" falsecount="0"/>
        <line num="145" count="1" type="stmt"/>
        <line num="149" count="2" type="cond" truecount="1" falsecount="0"/>
        <line num="150" count="1" type="stmt"/>
        <line num="154" count="1" type="stmt"/>
      </file>
    </package>
    <package name="src.utils">
      <metrics statements="69" coveredstatements="69" conditionals="17" coveredconditionals="16" methods="25" coveredmethods="25"/>
      <file name="BcdUtil.ts" path="/Users/annaelmoussa/Documents/package/src/utils/BcdUtil.ts">
        <metrics statements="27" coveredstatements="27" conditionals="8" coveredconditionals="7" methods="6" coveredmethods="6"/>
        <line num="4" count="3" type="stmt"/>
        <line num="11" count="12" type="stmt"/>
        <line num="20" count="39" type="stmt"/>
        <line num="35" count="18" type="stmt"/>
        <line num="36" count="18" type="stmt"/>
        <line num="37" count="34" type="stmt"/>
        <line num="39" count="18" type="stmt"/>
        <line num="55" count="3" type="stmt"/>
        <line num="56" count="7" type="stmt"/>
        <line num="57" count="7" type="stmt"/>
        <line num="73" count="3" type="stmt"/>
        <line num="74" count="3" type="stmt"/>
        <line num="75" count="10" type="stmt"/>
        <line num="76" count="10" type="stmt"/>
        <line num="79" count="10" type="cond" truecount="1" falsecount="0"/>
        <line num="80" count="8" type="stmt"/>
        <line num="82" count="10" type="cond" truecount="1" falsecount="0"/>
        <line num="83" count="8" type="stmt"/>
        <line num="86" count="3" type="stmt"/>
        <line num="102" count="9" type="stmt"/>
        <line num="103" count="9" type="stmt"/>
        <line num="106" count="9" type="stmt"/>
        <line num="107" count="25" type="cond" truecount="2" falsecount="0"/>
        <line num="108" count="2" type="stmt"/>
        <line num="110" count="23" type="cond" truecount="1" falsecount="1"/>
        <line num="112" count="23" type="cond" truecount="2" falsecount="0"/>
        <line num="113" count="23" type="stmt"/>
      </file>
      <file name="BitUtil.ts" path="/Users/annaelmoussa/Documents/package/src/utils/BitUtil.ts">
        <metrics statements="10" coveredstatements="10" conditionals="3" coveredconditionals="3" methods="6" coveredmethods="6"/>
        <line num="4" count="2" type="stmt"/>
        <line num="12" count="6" type="stmt"/>
        <line num="22" count="6" type="stmt"/>
        <line num="32" count="7" type="stmt"/>
        <line num="43" count="10" type="stmt"/>
        <line num="44" count="10" type="stmt"/>
        <line num="53" count="16" type="cond" truecount="1" falsecount="0"/>
        <line num="54" count="3" type="stmt"/>
        <line num="56" count="13" type="stmt"/>
        <line num="65" count="19" type="cond" truecount="2" falsecount="0"/>
      </file>
      <file name="DateBuilder.ts" path="/Users/annaelmoussa/Documents/package/src/utils/DateBuilder.ts">
        <metrics statements="32" coveredstatements="32" conditionals="6" coveredconditionals="6" methods="13" coveredmethods="13"/>
        <line num="4" count="3" type="stmt"/>
        <line num="12" count="22" type="cond" truecount="2" falsecount="0"/>
        <line num="21" count="10" type="stmt"/>
        <line num="22" count="10" type="stmt"/>
        <line num="31" count="10" type="stmt"/>
        <line num="32" count="10" type="stmt"/>
        <line num="41" count="10" type="stmt"/>
        <line num="42" count="10" type="stmt"/>
        <line num="51" count="8" type="stmt"/>
        <line num="52" count="8" type="stmt"/>
        <line num="61" count="8" type="stmt"/>
        <line num="62" count="8" type="stmt"/>
        <line num="71" count="8" type="stmt"/>
        <line num="72" count="8" type="stmt"/>
        <line num="81" count="7" type="stmt"/>
        <line num="82" count="7" type="stmt"/>
        <line num="93" count="7" type="stmt"/>
        <line num="94" count="7" type="stmt"/>
        <line num="95" count="7" type="stmt"/>
        <line num="96" count="7" type="stmt"/>
        <line num="113" count="5" type="stmt"/>
        <line num="114" count="5" type="stmt"/>
        <line num="115" count="5" type="stmt"/>
        <line num="116" count="5" type="stmt"/>
        <line num="117" count="5" type="stmt"/>
        <line num="130" count="6" type="cond" truecount="1" falsecount="0"/>
        <line num="131" count="5" type="cond" truecount="2" falsecount="0"/>
        <line num="132" count="1" type="stmt"/>
        <line num="134" count="4" type="stmt"/>
        <line num="138" count="6" type="stmt"/>
        <line num="146" count="21" type="stmt"/>
        <line num="154" count="1" type="stmt"/>
      </file>
    </package>
  </project>
</coverage>
