{"/Users/annaelmoussa/Documents/package/src/index.ts": {"path":"/Users/annaelmoussa/Documents/package/src/index.ts","statementMap":{"0":{"start":{"line":2,"column":0},"end":{"line":2,"column":9}},"1":{"start":{"line":2,"column":9},"end":{"line":2,"column":45}},"2":{"start":{"line":3,"column":0},"end":{"line":3,"column":9}},"3":{"start":{"line":3,"column":9},"end":{"line":3,"column":43}},"4":{"start":{"line":4,"column":0},"end":{"line":4,"column":9}},"5":{"start":{"line":4,"column":9},"end":{"line":4,"column":18}},"6":{"start":{"line":4,"column":18},"end":{"line":4,"column":54}},"7":{"start":{"line":7,"column":0},"end":{"line":7,"column":9}},"8":{"start":{"line":7,"column":9},"end":{"line":7,"column":73}},"9":{"start":{"line":8,"column":0},"end":{"line":8,"column":9}},"10":{"start":{"line":8,"column":9},"end":{"line":8,"column":61}},"11":{"start":{"line":9,"column":0},"end":{"line":9,"column":9}},"12":{"start":{"line":9,"column":9},"end":{"line":9,"column":67}},"13":{"start":{"line":10,"column":0},"end":{"line":10,"column":9}},"14":{"start":{"line":10,"column":9},"end":{"line":10,"column":67}},"15":{"start":{"line":13,"column":0},"end":{"line":13,"column":9}},"16":{"start":{"line":13,"column":9},"end":{"line":13,"column":42}},"17":{"start":{"line":14,"column":0},"end":{"line":14,"column":9}},"18":{"start":{"line":14,"column":9},"end":{"line":14,"column":42}},"19":{"start":{"line":15,"column":0},"end":{"line":15,"column":9}},"20":{"start":{"line":15,"column":9},"end":{"line":15,"column":50}}},"fnMap":{"0":{"name":"(anonymous_0)","decl":{"start":{"line":2,"column":9},"end":{"line":2,"column":17}},"loc":{"start":{"line":2,"column":9},"end":{"line":2,"column":45}}},"1":{"name":"(anonymous_1)","decl":{"start":{"line":3,"column":9},"end":{"line":3,"column":16}},"loc":{"start":{"line":3,"column":9},"end":{"line":3,"column":43}}},"2":{"name":"(anonymous_2)","decl":{"start":{"line":4,"column":9},"end":{"line":4,"column":16}},"loc":{"start":{"line":4,"column":9},"end":{"line":4,"column":18}}},"3":{"name":"(anonymous_3)","decl":{"start":{"line":4,"column":18},"end":{"line":4,"column":27}},"loc":{"start":{"line":4,"column":18},"end":{"line":4,"column":54}}},"4":{"name":"(anonymous_4)","decl":{"start":{"line":7,"column":9},"end":{"line":7,"column":20}},"loc":{"start":{"line":7,"column":9},"end":{"line":7,"column":73}}},"5":{"name":"(anonymous_5)","decl":{"start":{"line":8,"column":9},"end":{"line":8,"column":24}},"loc":{"start":{"line":8,"column":9},"end":{"line":8,"column":61}}},"6":{"name":"(anonymous_6)","decl":{"start":{"line":9,"column":9},"end":{"line":9,"column":27}},"loc":{"start":{"line":9,"column":9},"end":{"line":9,"column":67}}},"7":{"name":"(anonymous_7)","decl":{"start":{"line":10,"column":9},"end":{"line":10,"column":27}},"loc":{"start":{"line":10,"column":9},"end":{"line":10,"column":67}}},"8":{"name":"(anonymous_8)","decl":{"start":{"line":13,"column":9},"end":{"line":13,"column":16}},"loc":{"start":{"line":13,"column":9},"end":{"line":13,"column":42}}},"9":{"name":"(anonymous_9)","decl":{"start":{"line":14,"column":9},"end":{"line":14,"column":16}},"loc":{"start":{"line":14,"column":9},"end":{"line":14,"column":42}}},"10":{"name":"(anonymous_10)","decl":{"start":{"line":15,"column":9},"end":{"line":15,"column":20}},"loc":{"start":{"line":15,"column":9},"end":{"line":15,"column":50}}}},"branchMap":{},"s":{"0":1,"1":2,"2":1,"3":2,"4":1,"5":2,"6":2,"7":1,"8":2,"9":1,"10":2,"11":1,"12":2,"13":1,"14":2,"15":1,"16":2,"17":1,"18":2,"19":1,"20":2},"f":{"0":1,"1":1,"2":1,"3":1,"4":1,"5":1,"6":1,"7":1,"8":1,"9":1,"10":1},"b":{}}
,"/Users/annaelmoussa/Documents/package/src/models/Command.ts": {"path":"/Users/annaelmoussa/Documents/package/src/models/Command.ts","statementMap":{"0":{"start":{"line":24,"column":19},"end":{"line":24,"column":60}},"1":{"start":{"line":32,"column":4},"end":{"line":32,"column":21}},"2":{"start":{"line":33,"column":4},"end":{"line":33,"column":29}},"3":{"start":{"line":41,"column":4},"end":{"line":41,"column":21}},"4":{"start":{"line":49,"column":4},"end":{"line":49,"column":21}},"5":{"start":{"line":57,"column":4},"end":{"line":57,"column":25}},"6":{"start":{"line":65,"column":4},"end":{"line":65,"column":29}},"7":{"start":{"line":74,"column":4},"end":{"line":74,"column":36}},"8":{"start":{"line":83,"column":4},"end":{"line":83,"column":36}},"9":{"start":{"line":92,"column":4},"end":{"line":92,"column":36}},"10":{"start":{"line":100,"column":4},"end":{"line":100,"column":47}},"11":{"start":{"line":108,"column":4},"end":{"line":112,"column":6}},"12":{"start":{"line":4,"column":0},"end":{"line":4,"column":13}},"13":{"start":{"line":6,"column":25},"end":{"line":6,"column":42}},"14":{"start":{"line":7,"column":25},"end":{"line":7,"column":45}},"15":{"start":{"line":8,"column":25},"end":{"line":8,"column":44}},"16":{"start":{"line":9,"column":25},"end":{"line":9,"column":46}},"17":{"start":{"line":10,"column":25},"end":{"line":10,"column":50}},"18":{"start":{"line":13,"column":25},"end":{"line":13,"column":41}},"19":{"start":{"line":14,"column":25},"end":{"line":14,"column":47}},"20":{"start":{"line":15,"column":25},"end":{"line":15,"column":36}},"21":{"start":{"line":16,"column":25},"end":{"line":16,"column":38}},"22":{"start":{"line":17,"column":25},"end":{"line":17,"column":37}},"23":{"start":{"line":18,"column":25},"end":{"line":18,"column":37}},"24":{"start":{"line":19,"column":25},"end":{"line":19,"column":38}},"25":{"start":{"line":20,"column":25},"end":{"line":20,"column":36}}},"fnMap":{"0":{"name":"(anonymous_0)","decl":{"start":{"line":31,"column":2},"end":{"line":31,"column":14}},"loc":{"start":{"line":31,"column":44},"end":{"line":34,"column":3}}},"1":{"name":"(anonymous_1)","decl":{"start":{"line":40,"column":9},"end":{"line":40,"column":16}},"loc":{"start":{"line":40,"column":16},"end":{"line":42,"column":3}}},"2":{"name":"(anonymous_2)","decl":{"start":{"line":48,"column":9},"end":{"line":48,"column":16}},"loc":{"start":{"line":48,"column":29},"end":{"line":50,"column":3}}},"3":{"name":"(anonymous_3)","decl":{"start":{"line":56,"column":9},"end":{"line":56,"column":20}},"loc":{"start":{"line":56,"column":20},"end":{"line":58,"column":3}}},"4":{"name":"(anonymous_4)","decl":{"start":{"line":64,"column":9},"end":{"line":64,"column":20}},"loc":{"start":{"line":64,"column":37},"end":{"line":66,"column":3}}},"5":{"name":"(anonymous_5)","decl":{"start":{"line":73,"column":9},"end":{"line":73,"column":12}},"loc":{"start":{"line":73,"column":36},"end":{"line":75,"column":3}}},"6":{"name":"(anonymous_6)","decl":{"start":{"line":82,"column":9},"end":{"line":82,"column":12}},"loc":{"start":{"line":82,"column":24},"end":{"line":84,"column":3}}},"7":{"name":"(anonymous_7)","decl":{"start":{"line":91,"column":9},"end":{"line":91,"column":12}},"loc":{"start":{"line":91,"column":24},"end":{"line":93,"column":3}}},"8":{"name":"(anonymous_8)","decl":{"start":{"line":99,"column":9},"end":{"line":99,"column":22}},"loc":{"start":{"line":99,"column":22},"end":{"line":101,"column":3}}},"9":{"name":"(anonymous_9)","decl":{"start":{"line":107,"column":9},"end":{"line":107,"column":15}},"loc":{"start":{"line":107,"column":15},"end":{"line":113,"column":3}}}},"branchMap":{},"s":{"0":19,"1":19,"2":19,"3":12,"4":1,"5":17,"6":1,"7":8,"8":6,"9":2,"10":2,"11":1,"12":4,"13":4,"14":4,"15":4,"16":4,"17":4,"18":4,"19":4,"20":4,"21":4,"22":4,"23":4,"24":4,"25":4},"f":{"0":19,"1":12,"2":1,"3":17,"4":1,"5":8,"6":6,"7":2,"8":2,"9":1},"b":{}}
,"/Users/annaelmoussa/Documents/package/src/models/Network.ts": {"path":"/Users/annaelmoussa/Documents/package/src/models/Network.ts","statementMap":{"0":{"start":{"line":5,"column":19},"end":{"line":5,"column":48}},"1":{"start":{"line":12,"column":4},"end":{"line":12,"column":36}},"2":{"start":{"line":20,"column":4},"end":{"line":20,"column":32}},"3":{"start":{"line":28,"column":4},"end":{"line":30,"column":6}},"4":{"start":{"line":29,"column":49},"end":{"line":29,"column":63}},"5":{"start":{"line":4,"column":0},"end":{"line":4,"column":13}},"6":{"start":{"line":59,"column":4},"end":{"line":59,"column":33}},"7":{"start":{"line":60,"column":4},"end":{"line":60,"column":33}},"8":{"start":{"line":61,"column":4},"end":{"line":61,"column":32}},"9":{"start":{"line":62,"column":4},"end":{"line":62,"column":22}},"10":{"start":{"line":63,"column":4},"end":{"line":63,"column":41}},"11":{"start":{"line":82,"column":4},"end":{"line":82,"column":61}},"12":{"start":{"line":97,"column":16},"end":{"line":97,"column":32}},"13":{"start":{"line":98,"column":16},"end":{"line":98,"column":32}},"14":{"start":{"line":99,"column":4},"end":{"line":99,"column":45}},"15":{"start":{"line":107,"column":4},"end":{"line":107,"column":34}},"16":{"start":{"line":115,"column":4},"end":{"line":115,"column":34}},"17":{"start":{"line":123,"column":4},"end":{"line":123,"column":33}},"18":{"start":{"line":131,"column":4},"end":{"line":131,"column":23}},"19":{"start":{"line":139,"column":4},"end":{"line":139,"column":31}},"20":{"start":{"line":147,"column":40},"end":{"line":152,"column":6}},"21":{"start":{"line":154,"column":4},"end":{"line":156,"column":5}},"22":{"start":{"line":155,"column":6},"end":{"line":155,"column":50}},"23":{"start":{"line":158,"column":4},"end":{"line":158,"column":18}},"24":{"start":{"line":37,"column":0},"end":{"line":37,"column":13}}},"fnMap":{"0":{"name":"(anonymous_0)","decl":{"start":{"line":4,"column":0},"end":{"line":4,"column":13}},"loc":{"start":{"line":4,"column":0},"end":{"line":32,"column":1}}},"1":{"name":"(anonymous_1)","decl":{"start":{"line":11,"column":9},"end":{"line":11,"column":21}},"loc":{"start":{"line":11,"column":42},"end":{"line":13,"column":3}}},"2":{"name":"(anonymous_2)","decl":{"start":{"line":19,"column":9},"end":{"line":19,"column":22}},"loc":{"start":{"line":19,"column":22},"end":{"line":21,"column":3}}},"3":{"name":"(anonymous_3)","decl":{"start":{"line":27,"column":9},"end":{"line":27,"column":15}},"loc":{"start":{"line":27,"column":15},"end":{"line":31,"column":3}}},"4":{"name":"(anonymous_4)","decl":{"start":{"line":29,"column":38},"end":{"line":29,"column":39}},"loc":{"start":{"line":29,"column":49},"end":{"line":29,"column":63}}},"5":{"name":"(anonymous_5)","decl":{"start":{"line":52,"column":2},"end":{"line":52,"column":null}},"loc":{"start":{"line":57,"column":27},"end":{"line":64,"column":3}}},"6":{"name":"(anonymous_6)","decl":{"start":{"line":75,"column":9},"end":{"line":75,"column":15}},"loc":{"start":{"line":80,"column":27},"end":{"line":83,"column":3}}},"7":{"name":"(anonymous_7)","decl":{"start":{"line":92,"column":9},"end":{"line":92,"column":15}},"loc":{"start":{"line":95,"column":43},"end":{"line":100,"column":3}}},"8":{"name":"(anonymous_8)","decl":{"start":{"line":106,"column":9},"end":{"line":106,"column":29}},"loc":{"start":{"line":106,"column":29},"end":{"line":108,"column":3}}},"9":{"name":"(anonymous_9)","decl":{"start":{"line":114,"column":9},"end":{"line":114,"column":29}},"loc":{"start":{"line":114,"column":29},"end":{"line":116,"column":3}}},"10":{"name":"(anonymous_10)","decl":{"start":{"line":122,"column":9},"end":{"line":122,"column":28}},"loc":{"start":{"line":122,"column":28},"end":{"line":124,"column":3}}},"11":{"name":"(anonymous_11)","decl":{"start":{"line":130,"column":9},"end":{"line":130,"column":18}},"loc":{"start":{"line":130,"column":18},"end":{"line":132,"column":3}}},"12":{"name":"(anonymous_12)","decl":{"start":{"line":138,"column":9},"end":{"line":138,"column":26}},"loc":{"start":{"line":138,"column":26},"end":{"line":140,"column":3}}},"13":{"name":"(anonymous_13)","decl":{"start":{"line":146,"column":9},"end":{"line":146,"column":15}},"loc":{"start":{"line":146,"column":15},"end":{"line":159,"column":3}}}},"branchMap":{"0":{"loc":{"start":{"line":97,"column":16},"end":{"line":97,"column":32}},"type":"binary-expr","locations":[{"start":{"line":97,"column":16},"end":{"line":97,"column":27}},{"start":{"line":97,"column":31},"end":{"line":97,"column":32}}]},"1":{"loc":{"start":{"line":98,"column":16},"end":{"line":98,"column":32}},"type":"binary-expr","locations":[{"start":{"line":98,"column":16},"end":{"line":98,"column":27}},{"start":{"line":98,"column":31},"end":{"line":98,"column":32}}]},"2":{"loc":{"start":{"line":154,"column":4},"end":{"line":156,"column":5}},"type":"if","locations":[{"start":{"line":154,"column":4},"end":{"line":156,"column":5}}]}},"s":{"0":4,"1":4,"2":4,"3":1,"4":2,"5":3,"6":13,"7":13,"8":13,"9":13,"10":13,"11":1,"12":3,"13":3,"14":3,"15":6,"16":6,"17":6,"18":6,"19":6,"20":4,"21":4,"22":2,"23":4,"24":3},"f":{"0":4,"1":4,"2":4,"3":1,"4":2,"5":13,"6":1,"7":3,"8":6,"9":6,"10":6,"11":6,"12":6,"13":4},"b":{"0":[3,1],"1":[3,2],"2":[2]}}
,"/Users/annaelmoussa/Documents/package/src/models/Position.ts": {"path":"/Users/annaelmoussa/Documents/package/src/models/Position.ts","statementMap":{"0":{"start":{"line":6,"column":10},"end":{"line":6,"column":32}},"1":{"start":{"line":7,"column":10},"end":{"line":7,"column":32}},"2":{"start":{"line":8,"column":10},"end":{"line":8,"column":34}},"3":{"start":{"line":9,"column":10},"end":{"line":9,"column":31}},"4":{"start":{"line":10,"column":10},"end":{"line":10,"column":32}},"5":{"start":{"line":11,"column":10},"end":{"line":11,"column":31}},"6":{"start":{"line":12,"column":10},"end":{"line":12,"column":28}},"7":{"start":{"line":13,"column":10},"end":{"line":13,"column":29}},"8":{"start":{"line":14,"column":10},"end":{"line":14,"column":33}},"9":{"start":{"line":15,"column":10},"end":{"line":15,"column":30}},"10":{"start":{"line":18,"column":19},"end":{"line":18,"column":60}},"11":{"start":{"line":41,"column":4},"end":{"line":41,"column":29}},"12":{"start":{"line":46,"column":4},"end":{"line":46,"column":25}},"13":{"start":{"line":50,"column":4},"end":{"line":50,"column":29}},"14":{"start":{"line":54,"column":4},"end":{"line":54,"column":25}},"15":{"start":{"line":58,"column":4},"end":{"line":58,"column":29}},"16":{"start":{"line":62,"column":4},"end":{"line":62,"column":21}},"17":{"start":{"line":66,"column":4},"end":{"line":66,"column":21}},"18":{"start":{"line":70,"column":4},"end":{"line":70,"column":25}},"19":{"start":{"line":74,"column":4},"end":{"line":74,"column":29}},"20":{"start":{"line":78,"column":4},"end":{"line":78,"column":26}},"21":{"start":{"line":82,"column":4},"end":{"line":82,"column":31}},"22":{"start":{"line":86,"column":4},"end":{"line":86,"column":25}},"23":{"start":{"line":90,"column":4},"end":{"line":90,"column":29}},"24":{"start":{"line":94,"column":4},"end":{"line":94,"column":22}},"25":{"start":{"line":98,"column":4},"end":{"line":98,"column":23}},"26":{"start":{"line":102,"column":4},"end":{"line":102,"column":23}},"27":{"start":{"line":106,"column":4},"end":{"line":106,"column":25}},"28":{"start":{"line":110,"column":4},"end":{"line":110,"column":22}},"29":{"start":{"line":114,"column":4},"end":{"line":114,"column":23}},"30":{"start":{"line":121,"column":4},"end":{"line":121,"column":24}},"31":{"start":{"line":128,"column":4},"end":{"line":128,"column":27}},"32":{"start":{"line":135,"column":4},"end":{"line":135,"column":36}},"33":{"start":{"line":142,"column":4},"end":{"line":142,"column":36}},"34":{"start":{"line":149,"column":4},"end":{"line":149,"column":36}},"35":{"start":{"line":156,"column":26},"end":{"line":156,"column":61}},"36":{"start":{"line":157,"column":4},"end":{"line":160,"column":5}},"37":{"start":{"line":158,"column":6},"end":{"line":158,"column":36}},"38":{"start":{"line":159,"column":6},"end":{"line":159,"column":51}},"39":{"start":{"line":167,"column":4},"end":{"line":167,"column":47}},"40":{"start":{"line":174,"column":4},"end":{"line":186,"column":6}},"41":{"start":{"line":4,"column":0},"end":{"line":4,"column":13}},"42":{"start":{"line":21,"column":25},"end":{"line":21,"column":43}},"43":{"start":{"line":22,"column":25},"end":{"line":22,"column":37}},"44":{"start":{"line":23,"column":25},"end":{"line":23,"column":43}},"45":{"start":{"line":24,"column":25},"end":{"line":24,"column":43}},"46":{"start":{"line":27,"column":25},"end":{"line":27,"column":40}},"47":{"start":{"line":28,"column":25},"end":{"line":28,"column":38}},"48":{"start":{"line":29,"column":25},"end":{"line":29,"column":36}},"49":{"start":{"line":30,"column":25},"end":{"line":30,"column":42}},"50":{"start":{"line":31,"column":25},"end":{"line":31,"column":45}},"51":{"start":{"line":32,"column":25},"end":{"line":32,"column":37}},"52":{"start":{"line":33,"column":25},"end":{"line":33,"column":40}},"53":{"start":{"line":34,"column":25},"end":{"line":34,"column":42}},"54":{"start":{"line":35,"column":25},"end":{"line":35,"column":38}},"55":{"start":{"line":36,"column":25},"end":{"line":36,"column":39}},"56":{"start":{"line":37,"column":25},"end":{"line":37,"column":39}},"57":{"start":{"line":38,"column":25},"end":{"line":38,"column":37}}},"fnMap":{"0":{"name":"(anonymous_0)","decl":{"start":{"line":40,"column":2},"end":{"line":40,"column":14}},"loc":{"start":{"line":40,"column":35},"end":{"line":42,"column":3}}},"1":{"name":"(anonymous_1)","decl":{"start":{"line":45,"column":9},"end":{"line":45,"column":20}},"loc":{"start":{"line":45,"column":20},"end":{"line":47,"column":3}}},"2":{"name":"(anonymous_2)","decl":{"start":{"line":49,"column":9},"end":{"line":49,"column":20}},"loc":{"start":{"line":49,"column":37},"end":{"line":51,"column":3}}},"3":{"name":"(anonymous_3)","decl":{"start":{"line":53,"column":9},"end":{"line":53,"column":20}},"loc":{"start":{"line":53,"column":20},"end":{"line":55,"column":3}}},"4":{"name":"(anonymous_4)","decl":{"start":{"line":57,"column":9},"end":{"line":57,"column":20}},"loc":{"start":{"line":57,"column":37},"end":{"line":59,"column":3}}},"5":{"name":"(anonymous_5)","decl":{"start":{"line":61,"column":9},"end":{"line":61,"column":16}},"loc":{"start":{"line":61,"column":16},"end":{"line":63,"column":3}}},"6":{"name":"(anonymous_6)","decl":{"start":{"line":65,"column":9},"end":{"line":65,"column":16}},"loc":{"start":{"line":65,"column":27},"end":{"line":67,"column":3}}},"7":{"name":"(anonymous_7)","decl":{"start":{"line":69,"column":9},"end":{"line":69,"column":20}},"loc":{"start":{"line":69,"column":20},"end":{"line":71,"column":3}}},"8":{"name":"(anonymous_8)","decl":{"start":{"line":73,"column":9},"end":{"line":73,"column":20}},"loc":{"start":{"line":73,"column":37},"end":{"line":75,"column":3}}},"9":{"name":"(anonymous_9)","decl":{"start":{"line":77,"column":9},"end":{"line":77,"column":21}},"loc":{"start":{"line":77,"column":21},"end":{"line":79,"column":3}}},"10":{"name":"(anonymous_10)","decl":{"start":{"line":81,"column":9},"end":{"line":81,"column":21}},"loc":{"start":{"line":81,"column":39},"end":{"line":83,"column":3}}},"11":{"name":"(anonymous_11)","decl":{"start":{"line":85,"column":9},"end":{"line":85,"column":20}},"loc":{"start":{"line":85,"column":20},"end":{"line":87,"column":3}}},"12":{"name":"(anonymous_12)","decl":{"start":{"line":89,"column":9},"end":{"line":89,"column":20}},"loc":{"start":{"line":89,"column":37},"end":{"line":91,"column":3}}},"13":{"name":"(anonymous_13)","decl":{"start":{"line":93,"column":9},"end":{"line":93,"column":17}},"loc":{"start":{"line":93,"column":17},"end":{"line":95,"column":3}}},"14":{"name":"(anonymous_14)","decl":{"start":{"line":97,"column":9},"end":{"line":97,"column":17}},"loc":{"start":{"line":97,"column":31},"end":{"line":99,"column":3}}},"15":{"name":"(anonymous_15)","decl":{"start":{"line":101,"column":9},"end":{"line":101,"column":18}},"loc":{"start":{"line":101,"column":18},"end":{"line":103,"column":3}}},"16":{"name":"(anonymous_16)","decl":{"start":{"line":105,"column":9},"end":{"line":105,"column":18}},"loc":{"start":{"line":105,"column":33},"end":{"line":107,"column":3}}},"17":{"name":"(anonymous_17)","decl":{"start":{"line":109,"column":9},"end":{"line":109,"column":16}},"loc":{"start":{"line":109,"column":16},"end":{"line":111,"column":3}}},"18":{"name":"(anonymous_18)","decl":{"start":{"line":113,"column":9},"end":{"line":113,"column":17}},"loc":{"start":{"line":113,"column":32},"end":{"line":115,"column":3}}},"19":{"name":"(anonymous_19)","decl":{"start":{"line":120,"column":9},"end":{"line":120,"column":19}},"loc":{"start":{"line":120,"column":19},"end":{"line":122,"column":3}}},"20":{"name":"(anonymous_20)","decl":{"start":{"line":127,"column":9},"end":{"line":127,"column":19}},"loc":{"start":{"line":127,"column":32},"end":{"line":129,"column":3}}},"21":{"name":"(anonymous_21)","decl":{"start":{"line":134,"column":9},"end":{"line":134,"column":12}},"loc":{"start":{"line":134,"column":36},"end":{"line":136,"column":3}}},"22":{"name":"(anonymous_22)","decl":{"start":{"line":141,"column":9},"end":{"line":141,"column":12}},"loc":{"start":{"line":141,"column":24},"end":{"line":143,"column":3}}},"23":{"name":"(anonymous_23)","decl":{"start":{"line":148,"column":9},"end":{"line":148,"column":12}},"loc":{"start":{"line":148,"column":24},"end":{"line":150,"column":3}}},"24":{"name":"(anonymous_24)","decl":{"start":{"line":155,"column":9},"end":{"line":155,"column":17}},"loc":{"start":{"line":155,"column":35},"end":{"line":161,"column":3}}},"25":{"name":"(anonymous_25)","decl":{"start":{"line":166,"column":9},"end":{"line":166,"column":22}},"loc":{"start":{"line":166,"column":22},"end":{"line":168,"column":3}}},"26":{"name":"(anonymous_26)","decl":{"start":{"line":173,"column":9},"end":{"line":173,"column":15}},"loc":{"start":{"line":173,"column":15},"end":{"line":187,"column":3}}}},"branchMap":{"0":{"loc":{"start":{"line":40,"column":14},"end":{"line":40,"column":35}},"type":"default-arg","locations":[{"start":{"line":40,"column":33},"end":{"line":40,"column":35}}]},"1":{"loc":{"start":{"line":156,"column":26},"end":{"line":156,"column":61}},"type":"binary-expr","locations":[{"start":{"line":156,"column":26},"end":{"line":156,"column":55}},{"start":{"line":156,"column":59},"end":{"line":156,"column":61}}]},"2":{"loc":{"start":{"line":157,"column":4},"end":{"line":160,"column":5}},"type":"if","locations":[{"start":{"line":157,"column":4},"end":{"line":160,"column":5}}]}},"s":{"0":25,"1":25,"2":25,"3":25,"4":25,"5":25,"6":25,"7":25,"8":25,"9":25,"10":25,"11":25,"12":7,"13":10,"14":7,"15":1,"16":8,"17":18,"18":3,"19":6,"20":3,"21":6,"22":2,"23":2,"24":3,"25":6,"26":3,"27":6,"28":3,"29":15,"30":2,"31":2,"32":16,"33":9,"34":2,"35":5,"36":5,"37":4,"38":4,"39":11,"40":1,"41":4,"42":4,"43":4,"44":4,"45":4,"46":4,"47":4,"48":4,"49":4,"50":4,"51":4,"52":4,"53":4,"54":4,"55":4,"56":4,"57":4},"f":{"0":25,"1":7,"2":10,"3":7,"4":1,"5":8,"6":18,"7":3,"8":6,"9":3,"10":6,"11":2,"12":2,"13":3,"14":6,"15":3,"16":6,"17":3,"18":15,"19":2,"20":2,"21":16,"22":9,"23":2,"24":5,"25":11,"26":1},"b":{"0":[16],"1":[5,3],"2":[4]}}
,"/Users/annaelmoussa/Documents/package/src/protocol/H02FrameDecoder.ts": {"path":"/Users/annaelmoussa/Documents/package/src/protocol/H02FrameDecoder.ts","statementMap":{"0":{"start":{"line":16,"column":4},"end":{"line":16,"column":39}},"1":{"start":{"line":25,"column":4},"end":{"line":27,"column":5}},"2":{"start":{"line":26,"column":6},"end":{"line":26,"column":18}},"3":{"start":{"line":30,"column":27},"end":{"line":30,"column":54}},"4":{"start":{"line":31,"column":4},"end":{"line":33,"column":5}},"5":{"start":{"line":32,"column":6},"end":{"line":32,"column":28}},"6":{"start":{"line":36,"column":4},"end":{"line":41,"column":6}},"7":{"start":{"line":48,"column":4},"end":{"line":55,"column":5}},"8":{"start":{"line":54,"column":6},"end":{"line":54,"column":20}},"9":{"start":{"line":56,"column":4},"end":{"line":56,"column":16}},"10":{"start":{"line":63,"column":19},"end":{"line":63,"column":49}},"11":{"start":{"line":64,"column":4},"end":{"line":66,"column":5}},"12":{"start":{"line":65,"column":6},"end":{"line":65,"column":43}},"13":{"start":{"line":67,"column":4},"end":{"line":67,"column":16}},"14":{"start":{"line":74,"column":19},"end":{"line":74,"column":49}},"15":{"start":{"line":75,"column":4},"end":{"line":77,"column":5}},"16":{"start":{"line":76,"column":6},"end":{"line":76,"column":18}},"17":{"start":{"line":79,"column":4},"end":{"line":83,"column":5}},"18":{"start":{"line":80,"column":6},"end":{"line":82,"column":15}},"19":{"start":{"line":85,"column":4},"end":{"line":87,"column":5}},"20":{"start":{"line":86,"column":6},"end":{"line":86,"column":62}},"21":{"start":{"line":89,"column":4},"end":{"line":91,"column":5}},"22":{"start":{"line":90,"column":6},"end":{"line":90,"column":63}},"23":{"start":{"line":93,"column":4},"end":{"line":93,"column":16}},"24":{"start":{"line":100,"column":19},"end":{"line":100,"column":49}},"25":{"start":{"line":101,"column":4},"end":{"line":103,"column":5}},"26":{"start":{"line":102,"column":6},"end":{"line":102,"column":18}},"27":{"start":{"line":105,"column":4},"end":{"line":109,"column":5}},"28":{"start":{"line":106,"column":6},"end":{"line":108,"column":15}},"29":{"start":{"line":111,"column":4},"end":{"line":113,"column":5}},"30":{"start":{"line":112,"column":6},"end":{"line":112,"column":63}},"31":{"start":{"line":115,"column":4},"end":{"line":115,"column":16}},"32":{"start":{"line":123,"column":26},"end":{"line":123,"column":45}},"33":{"start":{"line":124,"column":4},"end":{"line":126,"column":5}},"34":{"start":{"line":125,"column":6},"end":{"line":125,"column":67}},"35":{"start":{"line":129,"column":24},"end":{"line":129,"column":43}},"36":{"start":{"line":130,"column":4},"end":{"line":132,"column":5}},"37":{"start":{"line":131,"column":6},"end":{"line":131,"column":66}},"38":{"start":{"line":134,"column":19},"end":{"line":134,"column":38}},"39":{"start":{"line":135,"column":4},"end":{"line":137,"column":5}},"40":{"start":{"line":136,"column":6},"end":{"line":136,"column":56}},"41":{"start":{"line":139,"column":4},"end":{"line":139,"column":16}},"42":{"start":{"line":149,"column":21},"end":{"line":149,"column":40}},"43":{"start":{"line":150,"column":4},"end":{"line":152,"column":5}},"44":{"start":{"line":151,"column":6},"end":{"line":151,"column":18}},"45":{"start":{"line":155,"column":19},"end":{"line":155,"column":50}},"46":{"start":{"line":156,"column":4},"end":{"line":158,"column":5}},"47":{"start":{"line":157,"column":6},"end":{"line":157,"column":18}},"48":{"start":{"line":161,"column":4},"end":{"line":161,"column":53}},"49":{"start":{"line":4,"column":0},"end":{"line":4,"column":13}},"50":{"start":{"line":6,"column":26},"end":{"line":6,"column":45}},"51":{"start":{"line":7,"column":26},"end":{"line":7,"column":44}}},"fnMap":{"0":{"name":"(anonymous_0)","decl":{"start":{"line":15,"column":2},"end":{"line":15,"column":14}},"loc":{"start":{"line":15,"column":39},"end":{"line":17,"column":3}}},"1":{"name":"(anonymous_1)","decl":{"start":{"line":24,"column":9},"end":{"line":24,"column":15}},"loc":{"start":{"line":24,"column":30},"end":{"line":42,"column":3}}},"2":{"name":"(anonymous_2)","decl":{"start":{"line":47,"column":10},"end":{"line":47,"column":24}},"loc":{"start":{"line":47,"column":39},"end":{"line":57,"column":3}}},"3":{"name":"(anonymous_3)","decl":{"start":{"line":62,"column":10},"end":{"line":62,"column":25}},"loc":{"start":{"line":62,"column":40},"end":{"line":68,"column":3}}},"4":{"name":"(anonymous_4)","decl":{"start":{"line":73,"column":10},"end":{"line":73,"column":27}},"loc":{"start":{"line":73,"column":42},"end":{"line":94,"column":3}}},"5":{"name":"(anonymous_5)","decl":{"start":{"line":99,"column":10},"end":{"line":99,"column":22}},"loc":{"start":{"line":99,"column":37},"end":{"line":116,"column":3}}},"6":{"name":"(anonymous_6)","decl":{"start":{"line":121,"column":10},"end":{"line":121,"column":37}},"loc":{"start":{"line":121,"column":52},"end":{"line":140,"column":3}}},"7":{"name":"(anonymous_7)","decl":{"start":{"line":147,"column":10},"end":{"line":147,"column":26}},"loc":{"start":{"line":147,"column":41},"end":{"line":162,"column":3}}}},"branchMap":{"0":{"loc":{"start":{"line":15,"column":14},"end":{"line":15,"column":39}},"type":"default-arg","locations":[{"start":{"line":15,"column":38},"end":{"line":15,"column":39}}]},"1":{"loc":{"start":{"line":25,"column":4},"end":{"line":27,"column":5}},"type":"if","locations":[{"start":{"line":25,"column":4},"end":{"line":27,"column":5}}]},"2":{"loc":{"start":{"line":25,"column":8},"end":{"line":25,"column":38}},"type":"binary-expr","locations":[{"start":{"line":25,"column":8},"end":{"line":25,"column":15}},{"start":{"line":25,"column":19},"end":{"line":25,"column":38}}]},"3":{"loc":{"start":{"line":31,"column":4},"end":{"line":33,"column":5}},"type":"if","locations":[{"start":{"line":31,"column":4},"end":{"line":33,"column":5}}]},"4":{"loc":{"start":{"line":37,"column":6},"end":{"line":40,"column":46}},"type":"binary-expr","locations":[{"start":{"line":37,"column":6},"end":{"line":37,"column":34}},{"start":{"line":38,"column":6},"end":{"line":38,"column":36}},{"start":{"line":39,"column":6},"end":{"line":39,"column":31}},{"start":{"line":40,"column":6},"end":{"line":40,"column":46}}]},"5":{"loc":{"start":{"line":48,"column":4},"end":{"line":55,"column":5}},"type":"if","locations":[{"start":{"line":48,"column":4},"end":{"line":55,"column":5}}]},"6":{"loc":{"start":{"line":49,"column":6},"end":{"line":52,"column":37}},"type":"binary-expr","locations":[{"start":{"line":49,"column":7},"end":{"line":49,"column":58}},{"start":{"line":50,"column":8},"end":{"line":50,"column":32}},{"start":{"line":51,"column":6},"end":{"line":51,"column":52}},{"start":{"line":52,"column":6},"end":{"line":52,"column":37}}]},"7":{"loc":{"start":{"line":64,"column":4},"end":{"line":66,"column":5}},"type":"if","locations":[{"start":{"line":64,"column":4},"end":{"line":66,"column":5}}]},"8":{"loc":{"start":{"line":75,"column":4},"end":{"line":77,"column":5}},"type":"if","locations":[{"start":{"line":75,"column":4},"end":{"line":77,"column":5}}]},"9":{"loc":{"start":{"line":79,"column":4},"end":{"line":83,"column":5}},"type":"if","locations":[{"start":{"line":79,"column":4},"end":{"line":83,"column":5}}]},"10":{"loc":{"start":{"line":80,"column":13},"end":{"line":82,"column":14}},"type":"cond-expr","locations":[{"start":{"line":81,"column":10},"end":{"line":81,"column":48}},{"start":{"line":82,"column":10},"end":{"line":82,"column":14}}]},"11":{"loc":{"start":{"line":85,"column":4},"end":{"line":87,"column":5}},"type":"if","locations":[{"start":{"line":85,"column":4},"end":{"line":87,"column":5}}]},"12":{"loc":{"start":{"line":89,"column":4},"end":{"line":91,"column":5}},"type":"if","locations":[{"start":{"line":89,"column":4},"end":{"line":91,"column":5}}]},"13":{"loc":{"start":{"line":101,"column":4},"end":{"line":103,"column":5}},"type":"if","locations":[{"start":{"line":101,"column":4},"end":{"line":103,"column":5}}]},"14":{"loc":{"start":{"line":105,"column":4},"end":{"line":109,"column":5}},"type":"if","locations":[{"start":{"line":105,"column":4},"end":{"line":109,"column":5}}]},"15":{"loc":{"start":{"line":106,"column":13},"end":{"line":108,"column":14}},"type":"cond-expr","locations":[{"start":{"line":107,"column":10},"end":{"line":107,"column":48}},{"start":{"line":108,"column":10},"end":{"line":108,"column":14}}]},"16":{"loc":{"start":{"line":111,"column":4},"end":{"line":113,"column":5}},"type":"if","locations":[{"start":{"line":111,"column":4},"end":{"line":113,"column":5}}]},"17":{"loc":{"start":{"line":124,"column":4},"end":{"line":126,"column":5}},"type":"if","locations":[{"start":{"line":124,"column":4},"end":{"line":126,"column":5}}]},"18":{"loc":{"start":{"line":130,"column":4},"end":{"line":132,"column":5}},"type":"if","locations":[{"start":{"line":130,"column":4},"end":{"line":132,"column":5}}]},"19":{"loc":{"start":{"line":135,"column":4},"end":{"line":137,"column":5}},"type":"if","locations":[{"start":{"line":135,"column":4},"end":{"line":137,"column":5}}]},"20":{"loc":{"start":{"line":150,"column":4},"end":{"line":152,"column":5}},"type":"if","locations":[{"start":{"line":150,"column":4},"end":{"line":152,"column":5}}]},"21":{"loc":{"start":{"line":156,"column":4},"end":{"line":158,"column":5}},"type":"if","locations":[{"start":{"line":156,"column":4},"end":{"line":158,"column":5}}]}},"s":{"0":25,"1":17,"2":2,"3":15,"4":15,"5":3,"6":12,"7":15,"8":3,"9":12,"10":12,"11":12,"12":2,"13":10,"14":15,"15":15,"16":9,"17":6,"18":3,"19":3,"20":0,"21":3,"22":3,"23":0,"24":12,"25":12,"26":7,"27":5,"28":3,"29":2,"30":2,"31":0,"32":7,"33":7,"34":2,"35":5,"36":5,"37":2,"38":3,"39":3,"40":2,"41":1,"42":5,"43":5,"44":1,"45":4,"46":4,"47":2,"48":2,"49":2,"50":2,"51":2},"f":{"0":25,"1":17,"2":15,"3":12,"4":15,"5":12,"6":7,"7":5},"b":{"0":[0],"1":[2],"2":[17,16],"3":[3],"4":[12,11,9,7],"5":[3],"6":[15,13,11,3],"7":[2],"8":[9],"9":[3],"10":[1,2],"11":[0],"12":[3],"13":[7],"14":[3],"15":[1,2],"16":[2],"17":[2],"18":[2],"19":[2],"20":[1],"21":[2]}}
,"/Users/annaelmoussa/Documents/package/src/protocol/H02Protocol.ts": {"path":"/Users/annaelmoussa/Documents/package/src/protocol/H02Protocol.ts","statementMap":{"0":{"start":{"line":1,"column":0},"end":{"line":1,"column":38}},"1":{"start":{"line":2,"column":0},"end":{"line":2,"column":51}},"2":{"start":{"line":3,"column":0},"end":{"line":3,"column":52}},"3":{"start":{"line":4,"column":0},"end":{"line":4,"column":58}},"4":{"start":{"line":5,"column":0},"end":{"line":5,"column":58}},"5":{"start":{"line":6,"column":0},"end":{"line":6,"column":44}},"6":{"start":{"line":54,"column":4},"end":{"line":54,"column":12}},"7":{"start":{"line":43,"column":10},"end":{"line":43,"column":39}},"8":{"start":{"line":44,"column":19},"end":{"line":44,"column":60}},"9":{"start":{"line":57,"column":4},"end":{"line":63,"column":6}},"10":{"start":{"line":66,"column":4},"end":{"line":66,"column":72}},"11":{"start":{"line":67,"column":4},"end":{"line":67,"column":64}},"12":{"start":{"line":68,"column":4},"end":{"line":68,"column":64}},"13":{"start":{"line":76,"column":4},"end":{"line":93,"column":7}},"14":{"start":{"line":77,"column":6},"end":{"line":80,"column":7}},"15":{"start":{"line":78,"column":8},"end":{"line":78,"column":52}},"16":{"start":{"line":79,"column":8},"end":{"line":79,"column":15}},"17":{"start":{"line":82,"column":6},"end":{"line":82,"column":76}},"18":{"start":{"line":82,"column":45},"end":{"line":82,"column":74}},"19":{"start":{"line":84,"column":6},"end":{"line":87,"column":9}},"20":{"start":{"line":85,"column":8},"end":{"line":85,"column":32}},"21":{"start":{"line":86,"column":8},"end":{"line":86,"column":20}},"22":{"start":{"line":89,"column":6},"end":{"line":92,"column":9}},"23":{"start":{"line":90,"column":8},"end":{"line":90,"column":58}},"24":{"start":{"line":91,"column":8},"end":{"line":91,"column":18}},"25":{"start":{"line":101,"column":4},"end":{"line":122,"column":7}},"26":{"start":{"line":102,"column":6},"end":{"line":105,"column":7}},"27":{"start":{"line":103,"column":8},"end":{"line":103,"column":18}},"28":{"start":{"line":104,"column":8},"end":{"line":104,"column":15}},"29":{"start":{"line":108,"column":6},"end":{"line":110,"column":7}},"30":{"start":{"line":109,"column":8},"end":{"line":109,"column":25}},"31":{"start":{"line":111,"column":6},"end":{"line":111,"column":27}},"32":{"start":{"line":113,"column":6},"end":{"line":121,"column":9}},"33":{"start":{"line":114,"column":8},"end":{"line":120,"column":9}},"34":{"start":{"line":115,"column":10},"end":{"line":115,"column":22}},"35":{"start":{"line":117,"column":10},"end":{"line":117,"column":29}},"36":{"start":{"line":118,"column":10},"end":{"line":118,"column":31}},"37":{"start":{"line":119,"column":10},"end":{"line":119,"column":20}},"38":{"start":{"line":131,"column":4},"end":{"line":154,"column":7}},"39":{"start":{"line":132,"column":23},"end":{"line":132,"column":44}},"40":{"start":{"line":133,"column":21},"end":{"line":133,"column":47}},"41":{"start":{"line":135,"column":6},"end":{"line":138,"column":7}},"42":{"start":{"line":136,"column":8},"end":{"line":136,"column":63}},"43":{"start":{"line":137,"column":8},"end":{"line":137,"column":15}},"44":{"start":{"line":140,"column":19},"end":{"line":140,"column":55}},"45":{"start":{"line":141,"column":6},"end":{"line":144,"column":7}},"46":{"start":{"line":142,"column":8},"end":{"line":142,"column":76}},"47":{"start":{"line":143,"column":8},"end":{"line":143,"column":15}},"48":{"start":{"line":146,"column":6},"end":{"line":153,"column":9}},"49":{"start":{"line":147,"column":8},"end":{"line":152,"column":9}},"50":{"start":{"line":148,"column":10},"end":{"line":148,"column":22}},"51":{"start":{"line":150,"column":10},"end":{"line":150,"column":58}},"52":{"start":{"line":151,"column":10},"end":{"line":151,"column":20}},"53":{"start":{"line":162,"column":26},"end":{"line":162,"column":72}},"54":{"start":{"line":163,"column":4},"end":{"line":163,"column":47}},"55":{"start":{"line":165,"column":17},"end":{"line":165,"column":32}},"56":{"start":{"line":166,"column":34},"end":{"line":166,"column":38}},"57":{"start":{"line":168,"column":4},"end":{"line":197,"column":7}},"58":{"start":{"line":170,"column":6},"end":{"line":170,"column":45}},"59":{"start":{"line":174,"column":6},"end":{"line":196,"column":7}},"60":{"start":{"line":176,"column":8},"end":{"line":176,"column":47}},"61":{"start":{"line":179,"column":25},"end":{"line":179,"column":74}},"62":{"start":{"line":180,"column":8},"end":{"line":195,"column":9}},"63":{"start":{"line":181,"column":10},"end":{"line":181,"column":44}},"64":{"start":{"line":184,"column":10},"end":{"line":186,"column":11}},"65":{"start":{"line":185,"column":12},"end":{"line":185,"column":47}},"66":{"start":{"line":189,"column":10},"end":{"line":189,"column":42}},"67":{"start":{"line":192,"column":10},"end":{"line":194,"column":11}},"68":{"start":{"line":193,"column":12},"end":{"line":193,"column":62}},"69":{"start":{"line":199,"column":4},"end":{"line":206,"column":7}},"70":{"start":{"line":200,"column":6},"end":{"line":200,"column":62}},"71":{"start":{"line":203,"column":6},"end":{"line":205,"column":7}},"72":{"start":{"line":204,"column":8},"end":{"line":204,"column":38}},"73":{"start":{"line":208,"column":4},"end":{"line":210,"column":7}},"74":{"start":{"line":209,"column":6},"end":{"line":209,"column":66}},"75":{"start":{"line":225,"column":4},"end":{"line":228,"column":5}},"76":{"start":{"line":227,"column":6},"end":{"line":227,"column":13}},"77":{"start":{"line":230,"column":21},"end":{"line":230,"column":44}},"78":{"start":{"line":231,"column":18},"end":{"line":231,"column":37}},"79":{"start":{"line":233,"column":4},"end":{"line":235,"column":5}},"80":{"start":{"line":234,"column":6},"end":{"line":234,"column":13}},"81":{"start":{"line":238,"column":17},"end":{"line":238,"column":25}},"82":{"start":{"line":240,"column":19},"end":{"line":240,"column":21}},"83":{"start":{"line":242,"column":4},"end":{"line":254,"column":5}},"84":{"start":{"line":244,"column":6},"end":{"line":244,"column":61}},"85":{"start":{"line":247,"column":18},"end":{"line":247,"column":28}},"86":{"start":{"line":248,"column":20},"end":{"line":248,"column":65}},"87":{"start":{"line":249,"column":22},"end":{"line":249,"column":69}},"88":{"start":{"line":250,"column":22},"end":{"line":250,"column":69}},"89":{"start":{"line":251,"column":22},"end":{"line":251,"column":52}},"90":{"start":{"line":253,"column":6},"end":{"line":253,"column":73}},"91":{"start":{"line":256,"column":4},"end":{"line":264,"column":7}},"92":{"start":{"line":257,"column":6},"end":{"line":263,"column":7}},"93":{"start":{"line":258,"column":8},"end":{"line":262,"column":11}},"94":{"start":{"line":272,"column":4},"end":{"line":278,"column":6}},"95":{"start":{"line":286,"column":4},"end":{"line":286,"column":17}},"96":{"start":{"line":41,"column":0},"end":{"line":41,"column":13}}},"fnMap":{"0":{"name":"(anonymous_0)","decl":{"start":{"line":53,"column":2},"end":{"line":53,"column":14}},"loc":{"start":{"line":53,"column":46},"end":{"line":69,"column":3}}},"1":{"name":"(anonymous_1)","decl":{"start":{"line":75,"column":9},"end":{"line":75,"column":14}},"loc":{"start":{"line":75,"column":14},"end":{"line":94,"column":3}}},"2":{"name":"(anonymous_2)","decl":{"start":{"line":76,"column":23},"end":{"line":76,"column":24}},"loc":{"start":{"line":76,"column":43},"end":{"line":93,"column":5}}},"3":{"name":"(anonymous_3)","decl":{"start":{"line":82,"column":33},"end":{"line":82,"column":34}},"loc":{"start":{"line":82,"column":45},"end":{"line":82,"column":74}}},"4":{"name":"(anonymous_4)","decl":{"start":{"line":84,"column":30},"end":{"line":84,"column":31}},"loc":{"start":{"line":84,"column":38},"end":{"line":87,"column":7}}},"5":{"name":"(anonymous_5)","decl":{"start":{"line":89,"column":44},"end":{"line":89,"column":47}},"loc":{"start":{"line":89,"column":49},"end":{"line":92,"column":7}}},"6":{"name":"(anonymous_6)","decl":{"start":{"line":100,"column":9},"end":{"line":100,"column":13}},"loc":{"start":{"line":100,"column":13},"end":{"line":123,"column":3}}},"7":{"name":"(anonymous_7)","decl":{"start":{"line":101,"column":23},"end":{"line":101,"column":24}},"loc":{"start":{"line":101,"column":43},"end":{"line":122,"column":5}}},"8":{"name":"(anonymous_8)","decl":{"start":{"line":113,"column":24},"end":{"line":113,"column":25}},"loc":{"start":{"line":113,"column":32},"end":{"line":121,"column":7}}},"9":{"name":"(anonymous_9)","decl":{"start":{"line":130,"column":9},"end":{"line":130,"column":20}},"loc":{"start":{"line":130,"column":37},"end":{"line":155,"column":3}}},"10":{"name":"(anonymous_10)","decl":{"start":{"line":131,"column":23},"end":{"line":131,"column":24}},"loc":{"start":{"line":131,"column":43},"end":{"line":154,"column":5}}},"11":{"name":"(anonymous_11)","decl":{"start":{"line":146,"column":25},"end":{"line":146,"column":26}},"loc":{"start":{"line":146,"column":33},"end":{"line":153,"column":7}}},"12":{"name":"(anonymous_12)","decl":{"start":{"line":161,"column":10},"end":{"line":161,"column":26}},"loc":{"start":{"line":161,"column":41},"end":{"line":211,"column":3}}},"13":{"name":"(anonymous_13)","decl":{"start":{"line":168,"column":22},"end":{"line":168,"column":23}},"loc":{"start":{"line":168,"column":31},"end":{"line":197,"column":5}}},"14":{"name":"(anonymous_14)","decl":{"start":{"line":199,"column":23},"end":{"line":199,"column":26}},"loc":{"start":{"line":199,"column":28},"end":{"line":206,"column":5}}},"15":{"name":"(anonymous_15)","decl":{"start":{"line":208,"column":23},"end":{"line":208,"column":24}},"loc":{"start":{"line":208,"column":31},"end":{"line":210,"column":5}}},"16":{"name":"(anonymous_16)","decl":{"start":{"line":219,"column":10},"end":{"line":219,"column":29}},"loc":{"start":{"line":222,"column":27},"end":{"line":265,"column":3}}},"17":{"name":"(anonymous_17)","decl":{"start":{"line":256,"column":27},"end":{"line":256,"column":28}},"loc":{"start":{"line":256,"column":35},"end":{"line":264,"column":5}}},"18":{"name":"(anonymous_18)","decl":{"start":{"line":271,"column":9},"end":{"line":271,"column":29}},"loc":{"start":{"line":271,"column":29},"end":{"line":279,"column":3}}},"19":{"name":"(anonymous_19)","decl":{"start":{"line":285,"column":9},"end":{"line":285,"column":16}},"loc":{"start":{"line":285,"column":16},"end":{"line":287,"column":3}}}},"branchMap":{"0":{"loc":{"start":{"line":53,"column":14},"end":{"line":53,"column":46}},"type":"default-arg","locations":[{"start":{"line":53,"column":44},"end":{"line":53,"column":46}}]},"1":{"loc":{"start":{"line":77,"column":6},"end":{"line":80,"column":7}},"type":"if","locations":[{"start":{"line":77,"column":6},"end":{"line":80,"column":7}}]},"2":{"loc":{"start":{"line":102,"column":6},"end":{"line":105,"column":7}},"type":"if","locations":[{"start":{"line":102,"column":6},"end":{"line":105,"column":7}}]},"3":{"loc":{"start":{"line":114,"column":8},"end":{"line":120,"column":9}},"type":"if","locations":[{"start":{"line":114,"column":8},"end":{"line":120,"column":9}},{"start":{"line":116,"column":15},"end":{"line":120,"column":9}}]},"4":{"loc":{"start":{"line":135,"column":6},"end":{"line":138,"column":7}},"type":"if","locations":[{"start":{"line":135,"column":6},"end":{"line":138,"column":7}}]},"5":{"loc":{"start":{"line":141,"column":6},"end":{"line":144,"column":7}},"type":"if","locations":[{"start":{"line":141,"column":6},"end":{"line":144,"column":7}}]},"6":{"loc":{"start":{"line":147,"column":8},"end":{"line":152,"column":9}},"type":"if","locations":[{"start":{"line":147,"column":8},"end":{"line":152,"column":9}},{"start":{"line":149,"column":15},"end":{"line":152,"column":9}}]},"7":{"loc":{"start":{"line":180,"column":8},"end":{"line":195,"column":9}},"type":"if","locations":[{"start":{"line":180,"column":8},"end":{"line":195,"column":9}}]},"8":{"loc":{"start":{"line":184,"column":10},"end":{"line":186,"column":11}},"type":"if","locations":[{"start":{"line":184,"column":10},"end":{"line":186,"column":11}}]},"9":{"loc":{"start":{"line":184,"column":14},"end":{"line":184,"column":53}},"type":"binary-expr","locations":[{"start":{"line":184,"column":14},"end":{"line":184,"column":22}},{"start":{"line":184,"column":26},"end":{"line":184,"column":53}}]},"10":{"loc":{"start":{"line":192,"column":10},"end":{"line":194,"column":11}},"type":"if","locations":[{"start":{"line":192,"column":10},"end":{"line":194,"column":11}}]},"11":{"loc":{"start":{"line":203,"column":6},"end":{"line":205,"column":7}},"type":"if","locations":[{"start":{"line":203,"column":6},"end":{"line":205,"column":7}}]},"12":{"loc":{"start":{"line":225,"column":4},"end":{"line":228,"column":5}},"type":"if","locations":[{"start":{"line":225,"column":4},"end":{"line":228,"column":5}}]},"13":{"loc":{"start":{"line":233,"column":4},"end":{"line":235,"column":5}},"type":"if","locations":[{"start":{"line":233,"column":4},"end":{"line":235,"column":5}}]},"14":{"loc":{"start":{"line":242,"column":4},"end":{"line":254,"column":5}},"type":"if","locations":[{"start":{"line":242,"column":4},"end":{"line":254,"column":5}},{"start":{"line":245,"column":11},"end":{"line":254,"column":5}}]},"15":{"loc":{"start":{"line":257,"column":6},"end":{"line":263,"column":7}},"type":"if","locations":[{"start":{"line":257,"column":6},"end":{"line":263,"column":7}}]}},"s":{"0":2,"1":2,"2":2,"3":2,"4":2,"5":2,"6":19,"7":19,"8":19,"9":19,"10":19,"11":19,"12":19,"13":11,"14":11,"15":1,"16":1,"17":10,"18":3,"19":10,"20":0,"21":0,"22":10,"23":10,"24":10,"25":2,"26":2,"27":1,"28":1,"29":1,"30":1,"31":1,"32":1,"33":1,"34":0,"35":1,"36":1,"37":1,"38":3,"39":3,"40":3,"41":3,"42":1,"43":1,"44":2,"45":2,"46":1,"47":1,"48":1,"49":1,"50":0,"51":1,"52":1,"53":3,"54":3,"55":3,"56":3,"57":3,"58":1,"59":1,"60":1,"61":1,"62":1,"63":1,"64":1,"65":1,"66":1,"67":1,"68":1,"69":3,"70":1,"71":1,"72":0,"73":3,"74":1,"75":5,"76":1,"77":4,"78":4,"79":4,"80":0,"81":4,"82":4,"83":4,"84":3,"85":1,"86":1,"87":1,"88":1,"89":1,"90":1,"91":4,"92":4,"93":1,"94":1,"95":1,"96":2},"f":{"0":19,"1":11,"2":11,"3":3,"4":0,"5":10,"6":2,"7":2,"8":1,"9":3,"10":3,"11":1,"12":3,"13":1,"14":1,"15":1,"16":5,"17":4,"18":1,"19":1},"b":{"0":[0],"1":[1],"2":[1],"3":[0,1],"4":[1],"5":[1],"6":[0,1],"7":[1],"8":[1],"9":[1,1],"10":[1],"11":[0],"12":[1],"13":[0],"14":[3,1],"15":[1]}}
,"/Users/annaelmoussa/Documents/package/src/protocol/H02ProtocolDecoder.ts": {"path":"/Users/annaelmoussa/Documents/package/src/protocol/H02ProtocolDecoder.ts","statementMap":{"0":{"start":{"line":1,"column":0},"end":{"line":1,"column":46}},"1":{"start":{"line":2,"column":0},"end":{"line":2,"column":55}},"2":{"start":{"line":3,"column":0},"end":{"line":3,"column":43}},"3":{"start":{"line":4,"column":0},"end":{"line":4,"column":51}},"4":{"start":{"line":10,"column":19},"end":{"line":10,"column":48}},"5":{"start":{"line":11,"column":19},"end":{"line":11,"column":52}},"6":{"start":{"line":12,"column":19},"end":{"line":12,"column":67}},"7":{"start":{"line":19,"column":4},"end":{"line":19,"column":25}},"8":{"start":{"line":29,"column":4},"end":{"line":31,"column":5}},"9":{"start":{"line":30,"column":6},"end":{"line":30,"column":18}},"10":{"start":{"line":33,"column":19},"end":{"line":33,"column":49}},"11":{"start":{"line":35,"column":4},"end":{"line":50,"column":5}},"12":{"start":{"line":37,"column":8},"end":{"line":37,"column":79}},"13":{"start":{"line":39,"column":8},"end":{"line":39,"column":56}},"14":{"start":{"line":42,"column":8},"end":{"line":48,"column":9}},"15":{"start":{"line":43,"column":32},"end":{"line":43,"column":51}},"16":{"start":{"line":44,"column":10},"end":{"line":47,"column":12}},"17":{"start":{"line":49,"column":8},"end":{"line":49,"column":20}},"18":{"start":{"line":60,"column":21},"end":{"line":60,"column":52}},"19":{"start":{"line":62,"column":19},"end":{"line":62,"column":36}},"20":{"start":{"line":65,"column":4},"end":{"line":65,"column":26}},"21":{"start":{"line":68,"column":4},"end":{"line":74,"column":5}},"22":{"start":{"line":69,"column":6},"end":{"line":69,"column":63}},"23":{"start":{"line":70,"column":6},"end":{"line":70,"column":28}},"24":{"start":{"line":72,"column":6},"end":{"line":72,"column":46}},"25":{"start":{"line":73,"column":6},"end":{"line":73,"column":28}},"26":{"start":{"line":76,"column":21},"end":{"line":76,"column":56}},"27":{"start":{"line":77,"column":4},"end":{"line":79,"column":5}},"28":{"start":{"line":78,"column":6},"end":{"line":78,"column":18}},"29":{"start":{"line":80,"column":4},"end":{"line":80,"column":35}},"30":{"start":{"line":83,"column":24},"end":{"line":89,"column":53}},"31":{"start":{"line":90,"column":4},"end":{"line":90,"column":44}},"32":{"start":{"line":92,"column":4},"end":{"line":92,"column":26}},"33":{"start":{"line":95,"column":19},"end":{"line":95,"column":50}},"34":{"start":{"line":98,"column":4},"end":{"line":98,"column":73}},"35":{"start":{"line":101,"column":4},"end":{"line":101,"column":26}},"36":{"start":{"line":102,"column":20},"end":{"line":102,"column":50}},"37":{"start":{"line":105,"column":18},"end":{"line":105,"column":31}},"38":{"start":{"line":106,"column":4},"end":{"line":106,"column":44}},"39":{"start":{"line":107,"column":4},"end":{"line":109,"column":5}},"40":{"start":{"line":108,"column":6},"end":{"line":108,"column":27}},"41":{"start":{"line":110,"column":4},"end":{"line":112,"column":5}},"42":{"start":{"line":111,"column":6},"end":{"line":111,"column":29}},"43":{"start":{"line":114,"column":4},"end":{"line":114,"column":35}},"44":{"start":{"line":115,"column":4},"end":{"line":115,"column":37}},"45":{"start":{"line":117,"column":4},"end":{"line":117,"column":26}},"46":{"start":{"line":120,"column":4},"end":{"line":120,"column":54}},"47":{"start":{"line":121,"column":4},"end":{"line":123,"column":6}},"48":{"start":{"line":125,"column":4},"end":{"line":125,"column":26}},"49":{"start":{"line":128,"column":4},"end":{"line":128,"column":54}},"50":{"start":{"line":130,"column":4},"end":{"line":130,"column":20}},"51":{"start":{"line":144,"column":18},"end":{"line":144,"column":37}},"52":{"start":{"line":146,"column":4},"end":{"line":148,"column":5}},"53":{"start":{"line":147,"column":6},"end":{"line":147,"column":18}},"54":{"start":{"line":151,"column":4},"end":{"line":158,"column":5}},"55":{"start":{"line":157,"column":6},"end":{"line":157,"column":18}},"56":{"start":{"line":160,"column":15},"end":{"line":160,"column":23}},"57":{"start":{"line":161,"column":21},"end":{"line":161,"column":56}},"58":{"start":{"line":162,"column":4},"end":{"line":164,"column":5}},"59":{"start":{"line":163,"column":6},"end":{"line":163,"column":18}},"60":{"start":{"line":166,"column":21},"end":{"line":166,"column":52}},"61":{"start":{"line":167,"column":4},"end":{"line":167,"column":35}},"62":{"start":{"line":170,"column":4},"end":{"line":170,"column":28}},"63":{"start":{"line":171,"column":4},"end":{"line":171,"column":33}},"64":{"start":{"line":174,"column":15},"end":{"line":174,"column":17}},"65":{"start":{"line":175,"column":4},"end":{"line":177,"column":5}},"66":{"start":{"line":176,"column":6},"end":{"line":176,"column":22}},"67":{"start":{"line":179,"column":4},"end":{"line":196,"column":5}},"68":{"start":{"line":181,"column":8},"end":{"line":181,"column":46}},"69":{"start":{"line":183,"column":8},"end":{"line":183,"column":46}},"70":{"start":{"line":185,"column":8},"end":{"line":185,"column":47}},"71":{"start":{"line":187,"column":8},"end":{"line":187,"column":48}},"72":{"start":{"line":189,"column":8},"end":{"line":189,"column":46}},"73":{"start":{"line":191,"column":8},"end":{"line":191,"column":47}},"74":{"start":{"line":193,"column":8},"end":{"line":193,"column":53}},"75":{"start":{"line":195,"column":8},"end":{"line":195,"column":51}},"76":{"start":{"line":203,"column":24},"end":{"line":203,"column":41}},"77":{"start":{"line":204,"column":16},"end":{"line":204,"column":17}},"78":{"start":{"line":207,"column":4},"end":{"line":207,"column":54}},"79":{"start":{"line":208,"column":4},"end":{"line":208,"column":55}},"80":{"start":{"line":209,"column":4},"end":{"line":209,"column":58}},"81":{"start":{"line":210,"column":4},"end":{"line":210,"column":61}},"82":{"start":{"line":211,"column":4},"end":{"line":211,"column":54}},"83":{"start":{"line":213,"column":4},"end":{"line":213,"column":44}},"84":{"start":{"line":215,"column":4},"end":{"line":215,"column":53}},"85":{"start":{"line":216,"column":4},"end":{"line":216,"column":53}},"86":{"start":{"line":218,"column":4},"end":{"line":218,"column":20}},"87":{"start":{"line":229,"column":4},"end":{"line":236,"column":5}},"88":{"start":{"line":230,"column":6},"end":{"line":234,"column":8}},"89":{"start":{"line":235,"column":6},"end":{"line":235,"column":14}},"90":{"start":{"line":237,"column":4},"end":{"line":237,"column":17}},"91":{"start":{"line":248,"column":4},"end":{"line":256,"column":5}},"92":{"start":{"line":249,"column":6},"end":{"line":255,"column":7}},"93":{"start":{"line":250,"column":8},"end":{"line":250,"column":48}},"94":{"start":{"line":251,"column":8},"end":{"line":251,"column":16}},"95":{"start":{"line":252,"column":13},"end":{"line":255,"column":7}},"96":{"start":{"line":253,"column":8},"end":{"line":253,"column":32}},"97":{"start":{"line":254,"column":8},"end":{"line":254,"column":16}},"98":{"start":{"line":257,"column":4},"end":{"line":257,"column":17}},"99":{"start":{"line":268,"column":4},"end":{"line":270,"column":5}},"100":{"start":{"line":269,"column":6},"end":{"line":269,"column":19}},"101":{"start":{"line":272,"column":19},"end":{"line":272,"column":20}},"102":{"start":{"line":273,"column":20},"end":{"line":273,"column":21}},"103":{"start":{"line":275,"column":4},"end":{"line":284,"column":5}},"104":{"start":{"line":276,"column":6},"end":{"line":276,"column":69}},"105":{"start":{"line":277,"column":11},"end":{"line":284,"column":5}},"106":{"start":{"line":281,"column":6},"end":{"line":281,"column":67}},"107":{"start":{"line":282,"column":11},"end":{"line":284,"column":5}},"108":{"start":{"line":283,"column":6},"end":{"line":283,"column":66}},"109":{"start":{"line":286,"column":4},"end":{"line":286,"column":17}},"110":{"start":{"line":298,"column":19},"end":{"line":298,"column":78}},"111":{"start":{"line":299,"column":4},"end":{"line":299,"column":12}},"112":{"start":{"line":300,"column":4},"end":{"line":302,"column":5}},"113":{"start":{"line":301,"column":6},"end":{"line":301,"column":27}},"114":{"start":{"line":303,"column":4},"end":{"line":303,"column":12}},"115":{"start":{"line":305,"column":20},"end":{"line":305,"column":79}},"116":{"start":{"line":306,"column":4},"end":{"line":306,"column":12}},"117":{"start":{"line":307,"column":4},"end":{"line":309,"column":5}},"118":{"start":{"line":308,"column":6},"end":{"line":308,"column":29}},"119":{"start":{"line":310,"column":4},"end":{"line":310,"column":12}},"120":{"start":{"line":312,"column":4},"end":{"line":312,"column":35}},"121":{"start":{"line":313,"column":4},"end":{"line":313,"column":37}},"122":{"start":{"line":314,"column":4},"end":{"line":314,"column":17}},"123":{"start":{"line":327,"column":6},"end":{"line":328,"column":50}},"124":{"start":{"line":329,"column":4},"end":{"line":329,"column":12}},"125":{"start":{"line":330,"column":4},"end":{"line":332,"column":5}},"126":{"start":{"line":331,"column":6},"end":{"line":331,"column":27}},"127":{"start":{"line":333,"column":4},"end":{"line":333,"column":12}},"128":{"start":{"line":336,"column":6},"end":{"line":337,"column":50}},"129":{"start":{"line":338,"column":4},"end":{"line":338,"column":12}},"130":{"start":{"line":339,"column":4},"end":{"line":341,"column":5}},"131":{"start":{"line":340,"column":6},"end":{"line":340,"column":29}},"132":{"start":{"line":342,"column":4},"end":{"line":342,"column":12}},"133":{"start":{"line":344,"column":4},"end":{"line":344,"column":35}},"134":{"start":{"line":345,"column":4},"end":{"line":345,"column":37}},"135":{"start":{"line":346,"column":4},"end":{"line":346,"column":17}},"136":{"start":{"line":358,"column":20},"end":{"line":358,"column":62}},"137":{"start":{"line":359,"column":20},"end":{"line":359,"column":62}},"138":{"start":{"line":360,"column":20},"end":{"line":360,"column":69}},"139":{"start":{"line":361,"column":19},"end":{"line":361,"column":62}},"140":{"start":{"line":362,"column":4},"end":{"line":362,"column":12}},"141":{"start":{"line":363,"column":4},"end":{"line":365,"column":5}},"142":{"start":{"line":364,"column":6},"end":{"line":364,"column":27}},"143":{"start":{"line":366,"column":4},"end":{"line":366,"column":12}},"144":{"start":{"line":368,"column":23},"end":{"line":368,"column":65}},"145":{"start":{"line":369,"column":23},"end":{"line":369,"column":65}},"146":{"start":{"line":370,"column":23},"end":{"line":370,"column":72}},"147":{"start":{"line":371,"column":20},"end":{"line":371,"column":72}},"148":{"start":{"line":372,"column":4},"end":{"line":372,"column":12}},"149":{"start":{"line":373,"column":4},"end":{"line":375,"column":5}},"150":{"start":{"line":374,"column":6},"end":{"line":374,"column":29}},"151":{"start":{"line":376,"column":4},"end":{"line":376,"column":12}},"152":{"start":{"line":378,"column":4},"end":{"line":378,"column":35}},"153":{"start":{"line":379,"column":4},"end":{"line":379,"column":37}},"154":{"start":{"line":380,"column":4},"end":{"line":380,"column":17}},"155":{"start":{"line":392,"column":4},"end":{"line":395,"column":5}},"156":{"start":{"line":393,"column":6},"end":{"line":393,"column":58}},"157":{"start":{"line":394,"column":6},"end":{"line":394,"column":14}},"158":{"start":{"line":398,"column":4},"end":{"line":401,"column":5}},"159":{"start":{"line":399,"column":6},"end":{"line":399,"column":51}},"160":{"start":{"line":400,"column":6},"end":{"line":400,"column":14}},"161":{"start":{"line":403,"column":4},"end":{"line":403,"column":17}},"162":{"start":{"line":414,"column":4},"end":{"line":421,"column":5}},"163":{"start":{"line":415,"column":6},"end":{"line":419,"column":8}},"164":{"start":{"line":420,"column":6},"end":{"line":420,"column":14}},"165":{"start":{"line":422,"column":4},"end":{"line":422,"column":17}},"166":{"start":{"line":433,"column":4},"end":{"line":445,"column":5}},"167":{"start":{"line":435,"column":24},"end":{"line":435,"column":36}},"168":{"start":{"line":436,"column":6},"end":{"line":438,"column":7}},"169":{"start":{"line":437,"column":8},"end":{"line":437,"column":71}},"170":{"start":{"line":440,"column":6},"end":{"line":443,"column":7}},"171":{"start":{"line":441,"column":23},"end":{"line":441,"column":48}},"172":{"start":{"line":442,"column":8},"end":{"line":442,"column":45}},"173":{"start":{"line":444,"column":6},"end":{"line":444,"column":14}},"174":{"start":{"line":446,"column":4},"end":{"line":446,"column":17}},"175":{"start":{"line":457,"column":4},"end":{"line":459,"column":5}},"176":{"start":{"line":458,"column":6},"end":{"line":458,"column":13}},"177":{"start":{"line":461,"column":4},"end":{"line":465,"column":5}},"178":{"start":{"line":462,"column":6},"end":{"line":462,"column":53}},"179":{"start":{"line":464,"column":6},"end":{"line":464,"column":53}},"180":{"start":{"line":472,"column":4},"end":{"line":476,"column":6}},"181":{"start":{"line":487,"column":4},"end":{"line":487,"column":68}},"182":{"start":{"line":488,"column":4},"end":{"line":488,"column":75}},"183":{"start":{"line":489,"column":4},"end":{"line":489,"column":72}},"184":{"start":{"line":490,"column":4},"end":{"line":490,"column":57}},"185":{"start":{"line":492,"column":16},"end":{"line":492,"column":46}},"186":{"start":{"line":493,"column":16},"end":{"line":493,"column":46}},"187":{"start":{"line":495,"column":4},"end":{"line":495,"column":39}},"188":{"start":{"line":496,"column":4},"end":{"line":496,"column":72}},"189":{"start":{"line":507,"column":21},"end":{"line":507,"column":60}},"190":{"start":{"line":508,"column":4},"end":{"line":510,"column":5}},"191":{"start":{"line":508,"column":17},"end":{"line":508,"column":18}},"192":{"start":{"line":509,"column":6},"end":{"line":509,"column":69}},"193":{"start":{"line":517,"column":4},"end":{"line":517,"column":28}},"194":{"start":{"line":518,"column":4},"end":{"line":518,"column":47}},"195":{"start":{"line":521,"column":4},"end":{"line":523,"column":5}},"196":{"start":{"line":522,"column":6},"end":{"line":522,"column":49}},"197":{"start":{"line":525,"column":4},"end":{"line":525,"column":20}},"198":{"start":{"line":532,"column":4},"end":{"line":539,"column":5}},"199":{"start":{"line":534,"column":19},"end":{"line":534,"column":27}},"200":{"start":{"line":535,"column":6},"end":{"line":537,"column":7}},"201":{"start":{"line":536,"column":8},"end":{"line":536,"column":56}},"202":{"start":{"line":538,"column":6},"end":{"line":538,"column":48}},"203":{"start":{"line":540,"column":4},"end":{"line":540,"column":47}},"204":{"start":{"line":541,"column":4},"end":{"line":541,"column":20}},"205":{"start":{"line":548,"column":4},"end":{"line":550,"column":5}},"206":{"start":{"line":549,"column":6},"end":{"line":549,"column":18}},"207":{"start":{"line":552,"column":24},"end":{"line":555,"column":null}},"208":{"start":{"line":558,"column":20},"end":{"line":558,"column":33}},"209":{"start":{"line":559,"column":16},"end":{"line":559,"column":38}},"210":{"start":{"line":560,"column":16},"end":{"line":560,"column":38}},"211":{"start":{"line":563,"column":21},"end":{"line":563,"column":29}},"212":{"start":{"line":564,"column":18},"end":{"line":564,"column":37}},"213":{"start":{"line":566,"column":4},"end":{"line":579,"column":5}},"214":{"start":{"line":567,"column":24},"end":{"line":567,"column":39}},"215":{"start":{"line":568,"column":6},"end":{"line":578,"column":7}},"216":{"start":{"line":569,"column":8},"end":{"line":577,"column":10}},"217":{"start":{"line":581,"column":4},"end":{"line":581,"column":33}},"218":{"start":{"line":583,"column":4},"end":{"line":587,"column":6}},"219":{"start":{"line":589,"column":4},"end":{"line":589,"column":58}},"220":{"start":{"line":591,"column":4},"end":{"line":593,"column":5}},"221":{"start":{"line":592,"column":6},"end":{"line":592,"column":60}},"222":{"start":{"line":595,"column":4},"end":{"line":595,"column":20}},"223":{"start":{"line":602,"column":4},"end":{"line":604,"column":5}},"224":{"start":{"line":603,"column":6},"end":{"line":603,"column":18}},"225":{"start":{"line":606,"column":24},"end":{"line":609,"column":null}},"226":{"start":{"line":612,"column":4},"end":{"line":612,"column":60}},"227":{"start":{"line":613,"column":4},"end":{"line":613,"column":66}},"228":{"start":{"line":614,"column":4},"end":{"line":614,"column":69}},"229":{"start":{"line":615,"column":4},"end":{"line":615,"column":61}},"230":{"start":{"line":616,"column":4},"end":{"line":616,"column":54}},"231":{"start":{"line":618,"column":4},"end":{"line":622,"column":6}},"232":{"start":{"line":624,"column":4},"end":{"line":624,"column":58}},"233":{"start":{"line":626,"column":4},"end":{"line":628,"column":5}},"234":{"start":{"line":627,"column":6},"end":{"line":627,"column":60}},"235":{"start":{"line":630,"column":4},"end":{"line":630,"column":20}},"236":{"start":{"line":637,"column":4},"end":{"line":639,"column":5}},"237":{"start":{"line":638,"column":6},"end":{"line":638,"column":18}},"238":{"start":{"line":641,"column":24},"end":{"line":644,"column":null}},"239":{"start":{"line":647,"column":16},"end":{"line":647,"column":38}},"240":{"start":{"line":648,"column":16},"end":{"line":648,"column":38}},"241":{"start":{"line":649,"column":18},"end":{"line":649,"column":40}},"242":{"start":{"line":651,"column":20},"end":{"line":651,"column":33}},"243":{"start":{"line":652,"column":18},"end":{"line":652,"column":37}},"244":{"start":{"line":654,"column":4},"end":{"line":663,"column":5}},"245":{"start":{"line":654,"column":17},"end":{"line":654,"column":18}},"246":{"start":{"line":655,"column":6},"end":{"line":662,"column":8}},"247":{"start":{"line":665,"column":4},"end":{"line":665,"column":33}},"248":{"start":{"line":666,"column":4},"end":{"line":666,"column":63}},"249":{"start":{"line":668,"column":4},"end":{"line":672,"column":6}},"250":{"start":{"line":674,"column":4},"end":{"line":674,"column":58}},"251":{"start":{"line":676,"column":4},"end":{"line":678,"column":5}},"252":{"start":{"line":677,"column":6},"end":{"line":677,"column":60}},"253":{"start":{"line":680,"column":4},"end":{"line":680,"column":20}},"254":{"start":{"line":687,"column":4},"end":{"line":689,"column":5}},"255":{"start":{"line":688,"column":6},"end":{"line":688,"column":18}},"256":{"start":{"line":692,"column":4},"end":{"line":696,"column":5}},"257":{"start":{"line":693,"column":6},"end":{"line":693,"column":54}},"258":{"start":{"line":694,"column":11},"end":{"line":696,"column":5}},"259":{"start":{"line":695,"column":6},"end":{"line":695,"column":48}},"260":{"start":{"line":698,"column":4},"end":{"line":698,"column":20}},"261":{"start":{"line":705,"column":4},"end":{"line":705,"column":47}},"262":{"start":{"line":707,"column":16},"end":{"line":707,"column":38}},"263":{"start":{"line":708,"column":16},"end":{"line":708,"column":38}},"264":{"start":{"line":710,"column":20},"end":{"line":710,"column":33}},"265":{"start":{"line":711,"column":22},"end":{"line":711,"column":41}},"266":{"start":{"line":713,"column":4},"end":{"line":726,"column":5}},"267":{"start":{"line":714,"column":24},"end":{"line":714,"column":39}},"268":{"start":{"line":715,"column":6},"end":{"line":725,"column":7}},"269":{"start":{"line":716,"column":8},"end":{"line":724,"column":10}},"270":{"start":{"line":728,"column":4},"end":{"line":728,"column":33}},"271":{"start":{"line":729,"column":4},"end":{"line":729,"column":20}},"272":{"start":{"line":736,"column":4},"end":{"line":736,"column":40}},"273":{"start":{"line":738,"column":4},"end":{"line":738,"column":46}},"274":{"start":{"line":739,"column":4},"end":{"line":739,"column":46}},"275":{"start":{"line":740,"column":4},"end":{"line":740,"column":39}},"276":{"start":{"line":742,"column":4},"end":{"line":742,"column":20}},"277":{"start":{"line":750,"column":4},"end":{"line":755,"column":5}},"278":{"start":{"line":752,"column":8},"end":{"line":753,"column":48}},"279":{"start":{"line":754,"column":6},"end":{"line":754,"column":68}},"280":{"start":{"line":758,"column":4},"end":{"line":763,"column":5}},"281":{"start":{"line":760,"column":8},"end":{"line":761,"column":48}},"282":{"start":{"line":762,"column":6},"end":{"line":762,"column":71}},"283":{"start":{"line":770,"column":4},"end":{"line":773,"column":5}},"284":{"start":{"line":771,"column":6},"end":{"line":771,"column":46}},"285":{"start":{"line":772,"column":6},"end":{"line":772,"column":47}},"286":{"start":{"line":780,"column":4},"end":{"line":792,"column":5}},"287":{"start":{"line":781,"column":6},"end":{"line":789,"column":8}},"288":{"start":{"line":791,"column":6},"end":{"line":791,"column":35}},"289":{"start":{"line":802,"column":4},"end":{"line":804,"column":5}},"290":{"start":{"line":803,"column":6},"end":{"line":803,"column":18}},"291":{"start":{"line":806,"column":4},"end":{"line":806,"column":47}},"292":{"start":{"line":809,"column":23},"end":{"line":809,"column":31}},"293":{"start":{"line":810,"column":4},"end":{"line":812,"column":5}},"294":{"start":{"line":811,"column":6},"end":{"line":811,"column":72}},"295":{"start":{"line":813,"column":4},"end":{"line":813,"column":73}},"296":{"start":{"line":816,"column":4},"end":{"line":819,"column":5}},"297":{"start":{"line":817,"column":6},"end":{"line":817,"column":60}},"298":{"start":{"line":818,"column":6},"end":{"line":818,"column":31}},"299":{"start":{"line":821,"column":4},"end":{"line":821,"column":20}},"300":{"start":{"line":828,"column":4},"end":{"line":834,"column":5}},"301":{"start":{"line":829,"column":6},"end":{"line":829,"column":28}},"302":{"start":{"line":830,"column":11},"end":{"line":834,"column":5}},"303":{"start":{"line":831,"column":6},"end":{"line":831,"column":28}},"304":{"start":{"line":833,"column":6},"end":{"line":833,"column":25}},"305":{"start":{"line":841,"column":4},"end":{"line":841,"column":46}},"306":{"start":{"line":844,"column":4},"end":{"line":846,"column":5}},"307":{"start":{"line":845,"column":6},"end":{"line":845,"column":43}},"308":{"start":{"line":849,"column":4},"end":{"line":851,"column":5}},"309":{"start":{"line":850,"column":6},"end":{"line":850,"column":50}},"310":{"start":{"line":853,"column":4},"end":{"line":855,"column":5}},"311":{"start":{"line":854,"column":6},"end":{"line":854,"column":44}},"312":{"start":{"line":857,"column":4},"end":{"line":859,"column":5}},"313":{"start":{"line":858,"column":6},"end":{"line":858,"column":50}},"314":{"start":{"line":861,"column":4},"end":{"line":863,"column":5}},"315":{"start":{"line":862,"column":6},"end":{"line":862,"column":50}},"316":{"start":{"line":869,"column":4},"end":{"line":874,"column":5}},"317":{"start":{"line":870,"column":6},"end":{"line":870,"column":48}},"318":{"start":{"line":873,"column":6},"end":{"line":873,"column":72}},"319":{"start":{"line":881,"column":4},"end":{"line":893,"column":5}},"320":{"start":{"line":882,"column":6},"end":{"line":882,"column":18}},"321":{"start":{"line":883,"column":11},"end":{"line":893,"column":5}},"322":{"start":{"line":884,"column":6},"end":{"line":884,"column":30}},"323":{"start":{"line":885,"column":11},"end":{"line":893,"column":5}},"324":{"start":{"line":886,"column":6},"end":{"line":886,"column":30}},"325":{"start":{"line":887,"column":11},"end":{"line":893,"column":5}},"326":{"start":{"line":888,"column":6},"end":{"line":888,"column":19}},"327":{"start":{"line":889,"column":11},"end":{"line":893,"column":5}},"328":{"start":{"line":890,"column":6},"end":{"line":890,"column":26}},"329":{"start":{"line":892,"column":6},"end":{"line":892,"column":18}},"330":{"start":{"line":900,"column":18},"end":{"line":900,"column":48}},"331":{"start":{"line":901,"column":4},"end":{"line":903,"column":5}},"332":{"start":{"line":902,"column":6},"end":{"line":902,"column":45}},"333":{"start":{"line":905,"column":17},"end":{"line":905,"column":18}},"334":{"start":{"line":906,"column":4},"end":{"line":908,"column":5}},"335":{"start":{"line":907,"column":6},"end":{"line":907,"column":29}},"336":{"start":{"line":910,"column":19},"end":{"line":910,"column":30}},"337":{"start":{"line":912,"column":4},"end":{"line":920,"column":5}},"338":{"start":{"line":913,"column":6},"end":{"line":915,"column":69}},"339":{"start":{"line":917,"column":6},"end":{"line":919,"column":69}},"340":{"start":{"line":922,"column":4},"end":{"line":922,"column":17}},"341":{"start":{"line":923,"column":4},"end":{"line":923,"column":22}},"342":{"start":{"line":925,"column":4},"end":{"line":925,"column":18}},"343":{"start":{"line":936,"column":4},"end":{"line":938,"column":5}},"344":{"start":{"line":937,"column":6},"end":{"line":937,"column":63}},"345":{"start":{"line":942,"column":4},"end":{"line":942,"column":64}},"346":{"start":{"line":943,"column":4},"end":{"line":943,"column":28}},"347":{"start":{"line":950,"column":4},"end":{"line":954,"column":5}},"348":{"start":{"line":951,"column":6},"end":{"line":951,"column":29}},"349":{"start":{"line":953,"column":6},"end":{"line":953,"column":35}},"350":{"start":{"line":9,"column":0},"end":{"line":9,"column":13}}},"fnMap":{"0":{"name":"(anonymous_0)","decl":{"start":{"line":18,"column":2},"end":{"line":18,"column":14}},"loc":{"start":{"line":18,"column":46},"end":{"line":20,"column":3}}},"1":{"name":"(anonymous_1)","decl":{"start":{"line":28,"column":9},"end":{"line":28,"column":15}},"loc":{"start":{"line":28,"column":54},"end":{"line":51,"column":3}}},"2":{"name":"(anonymous_2)","decl":{"start":{"line":59,"column":10},"end":{"line":59,"column":22}},"loc":{"start":{"line":59,"column":58},"end":{"line":131,"column":3}}},"3":{"name":"(anonymous_3)","decl":{"start":{"line":139,"column":10},"end":{"line":139,"column":20}},"loc":{"start":{"line":141,"column":26},"end":{"line":197,"column":3}}},"4":{"name":"(anonymous_4)","decl":{"start":{"line":202,"column":10},"end":{"line":202,"column":23}},"loc":{"start":{"line":202,"column":59},"end":{"line":219,"column":3}}},"5":{"name":"(anonymous_5)","decl":{"start":{"line":224,"column":10},"end":{"line":224,"column":19}},"loc":{"start":{"line":227,"column":17},"end":{"line":238,"column":3}}},"6":{"name":"(anonymous_6)","decl":{"start":{"line":243,"column":10},"end":{"line":243,"column":23}},"loc":{"start":{"line":246,"column":17},"end":{"line":258,"column":3}}},"7":{"name":"(anonymous_7)","decl":{"start":{"line":263,"column":10},"end":{"line":263,"column":26}},"loc":{"start":{"line":266,"column":17},"end":{"line":287,"column":3}}},"8":{"name":"(anonymous_8)","decl":{"start":{"line":292,"column":10},"end":{"line":292,"column":36}},"loc":{"start":{"line":295,"column":17},"end":{"line":315,"column":3}}},"9":{"name":"(anonymous_9)","decl":{"start":{"line":320,"column":10},"end":{"line":320,"column":34}},"loc":{"start":{"line":323,"column":17},"end":{"line":347,"column":3}}},"10":{"name":"(anonymous_10)","decl":{"start":{"line":352,"column":10},"end":{"line":352,"column":33}},"loc":{"start":{"line":355,"column":17},"end":{"line":381,"column":3}}},"11":{"name":"(anonymous_11)","decl":{"start":{"line":386,"column":10},"end":{"line":386,"column":29}},"loc":{"start":{"line":389,"column":17},"end":{"line":404,"column":3}}},"12":{"name":"(anonymous_12)","decl":{"start":{"line":409,"column":10},"end":{"line":409,"column":19}},"loc":{"start":{"line":412,"column":17},"end":{"line":423,"column":3}}},"13":{"name":"(anonymous_13)","decl":{"start":{"line":428,"column":10},"end":{"line":428,"column":21}},"loc":{"start":{"line":431,"column":17},"end":{"line":447,"column":3}}},"14":{"name":"(anonymous_14)","decl":{"start":{"line":452,"column":10},"end":{"line":452,"column":29}},"loc":{"start":{"line":455,"column":17},"end":{"line":466,"column":3}}},"15":{"name":"(anonymous_15)","decl":{"start":{"line":471,"column":10},"end":{"line":471,"column":30}},"loc":{"start":{"line":471,"column":61},"end":{"line":477,"column":3}}},"16":{"name":"(anonymous_16)","decl":{"start":{"line":482,"column":10},"end":{"line":482,"column":27}},"loc":{"start":{"line":485,"column":17},"end":{"line":497,"column":3}}},"17":{"name":"(anonymous_17)","decl":{"start":{"line":502,"column":10},"end":{"line":502,"column":27}},"loc":{"start":{"line":505,"column":17},"end":{"line":511,"column":3}}},"18":{"name":"(anonymous_18)","decl":{"start":{"line":516,"column":10},"end":{"line":516,"column":18}},"loc":{"start":{"line":516,"column":54},"end":{"line":526,"column":3}}},"19":{"name":"(anonymous_19)","decl":{"start":{"line":531,"column":10},"end":{"line":531,"column":18}},"loc":{"start":{"line":531,"column":54},"end":{"line":542,"column":3}}},"20":{"name":"(anonymous_20)","decl":{"start":{"line":547,"column":10},"end":{"line":547,"column":19}},"loc":{"start":{"line":547,"column":55},"end":{"line":596,"column":3}}},"21":{"name":"(anonymous_21)","decl":{"start":{"line":601,"column":10},"end":{"line":601,"column":20}},"loc":{"start":{"line":601,"column":56},"end":{"line":631,"column":3}}},"22":{"name":"(anonymous_22)","decl":{"start":{"line":636,"column":10},"end":{"line":636,"column":18}},"loc":{"start":{"line":636,"column":54},"end":{"line":681,"column":3}}},"23":{"name":"(anonymous_23)","decl":{"start":{"line":686,"column":10},"end":{"line":686,"column":19}},"loc":{"start":{"line":686,"column":55},"end":{"line":699,"column":3}}},"24":{"name":"(anonymous_24)","decl":{"start":{"line":704,"column":10},"end":{"line":704,"column":28}},"loc":{"start":{"line":704,"column":64},"end":{"line":730,"column":3}}},"25":{"name":"(anonymous_25)","decl":{"start":{"line":735,"column":10},"end":{"line":735,"column":22}},"loc":{"start":{"line":735,"column":58},"end":{"line":743,"column":3}}},"26":{"name":"(anonymous_26)","decl":{"start":{"line":748,"column":10},"end":{"line":748,"column":29}},"loc":{"start":{"line":748,"column":65},"end":{"line":764,"column":3}}},"27":{"name":"(anonymous_27)","decl":{"start":{"line":769,"column":10},"end":{"line":769,"column":29}},"loc":{"start":{"line":769,"column":65},"end":{"line":774,"column":3}}},"28":{"name":"(anonymous_28)","decl":{"start":{"line":779,"column":10},"end":{"line":779,"column":22}},"loc":{"start":{"line":779,"column":58},"end":{"line":793,"column":3}}},"29":{"name":"(anonymous_29)","decl":{"start":{"line":798,"column":10},"end":{"line":798,"column":25}},"loc":{"start":{"line":800,"column":19},"end":{"line":822,"column":3}}},"30":{"name":"(anonymous_30)","decl":{"start":{"line":827,"column":10},"end":{"line":827,"column":26}},"loc":{"start":{"line":827,"column":43},"end":{"line":835,"column":3}}},"31":{"name":"(anonymous_31)","decl":{"start":{"line":840,"column":10},"end":{"line":840,"column":23}},"loc":{"start":{"line":840,"column":58},"end":{"line":875,"column":3}}},"32":{"name":"(anonymous_32)","decl":{"start":{"line":880,"column":10},"end":{"line":880,"column":23}},"loc":{"start":{"line":880,"column":37},"end":{"line":894,"column":3}}},"33":{"name":"(anonymous_33)","decl":{"start":{"line":899,"column":10},"end":{"line":899,"column":24}},"loc":{"start":{"line":899,"column":50},"end":{"line":926,"column":3}}},"34":{"name":"(anonymous_34)","decl":{"start":{"line":931,"column":10},"end":{"line":931,"column":21}},"loc":{"start":{"line":933,"column":26},"end":{"line":944,"column":3}}},"35":{"name":"(anonymous_35)","decl":{"start":{"line":949,"column":10},"end":{"line":949,"column":25}},"loc":{"start":{"line":949,"column":63},"end":{"line":955,"column":3}}}},"branchMap":{"0":{"loc":{"start":{"line":18,"column":14},"end":{"line":18,"column":46}},"type":"default-arg","locations":[{"start":{"line":18,"column":44},"end":{"line":18,"column":46}}]},"1":{"loc":{"start":{"line":29,"column":4},"end":{"line":31,"column":5}},"type":"if","locations":[{"start":{"line":29,"column":4},"end":{"line":31,"column":5}}]},"2":{"loc":{"start":{"line":29,"column":8},"end":{"line":29,"column":38}},"type":"binary-expr","locations":[{"start":{"line":29,"column":8},"end":{"line":29,"column":15}},{"start":{"line":29,"column":19},"end":{"line":29,"column":38}}]},"3":{"loc":{"start":{"line":35,"column":4},"end":{"line":50,"column":5}},"type":"switch","locations":[{"start":{"line":36,"column":6},"end":{"line":37,"column":79}},{"start":{"line":38,"column":6},"end":{"line":39,"column":56}},{"start":{"line":40,"column":6},"end":{"line":49,"column":20}}]},"4":{"loc":{"start":{"line":42,"column":8},"end":{"line":48,"column":9}},"type":"if","locations":[{"start":{"line":42,"column":8},"end":{"line":48,"column":9}}]},"5":{"loc":{"start":{"line":68,"column":4},"end":{"line":74,"column":5}},"type":"if","locations":[{"start":{"line":68,"column":4},"end":{"line":74,"column":5}},{"start":{"line":71,"column":11},"end":{"line":74,"column":5}}]},"6":{"loc":{"start":{"line":77,"column":4},"end":{"line":79,"column":5}},"type":"if","locations":[{"start":{"line":77,"column":4},"end":{"line":79,"column":5}}]},"7":{"loc":{"start":{"line":107,"column":4},"end":{"line":109,"column":5}},"type":"if","locations":[{"start":{"line":107,"column":4},"end":{"line":109,"column":5}}]},"8":{"loc":{"start":{"line":110,"column":4},"end":{"line":112,"column":5}},"type":"if","locations":[{"start":{"line":110,"column":4},"end":{"line":112,"column":5}}]},"9":{"loc":{"start":{"line":146,"column":4},"end":{"line":
[...]
,"/Users/annaelmoussa/Documents/package/src/protocol/H02ProtocolEncoder.ts": {"path":"/Users/annaelmoussa/Documents/package/src/protocol/H02ProtocolEncoder.ts","statementMap":{"0":{"start":{"line":1,"column":0},"end":{"line":1,"column":44}},"1":{"start":{"line":8,"column":19},"end":{"line":8,"column":48}},"2":{"start":{"line":9,"column":19},"end":{"line":9,"column":52}},"3":{"start":{"line":10,"column":19},"end":{"line":10,"column":62}},"4":{"start":{"line":17,"column":4},"end":{"line":17,"column":25}},"5":{"start":{"line":27,"column":17},"end":{"line":27,"column":27}},"6":{"start":{"line":28,"column":4},"end":{"line":28,"column":45}},"7":{"start":{"line":38,"column":21},"end":{"line":38,"column":60}},"8":{"start":{"line":39,"column":4},"end":{"line":41,"column":5}},"9":{"start":{"line":40,"column":6},"end":{"line":40,"column":18}},"10":{"start":{"line":43,"column":17},"end":{"line":43,"column":34}},"11":{"start":{"line":45,"column":4},"end":{"line":75,"column":5}},"12":{"start":{"line":47,"column":8},"end":{"line":47,"column":67}},"13":{"start":{"line":50,"column":8},"end":{"line":50,"column":67}},"14":{"start":{"line":53,"column":8},"end":{"line":53,"column":67}},"15":{"start":{"line":56,"column":8},"end":{"line":56,"column":67}},"16":{"start":{"line":59,"column":26},"end":{"line":59,"column":72}},"17":{"start":{"line":60,"column":8},"end":{"line":62,"column":9}},"18":{"start":{"line":61,"column":10},"end":{"line":61,"column":22}},"19":{"start":{"line":64,"column":8},"end":{"line":70,"column":9}},"20":{"start":{"line":67,"column":10},"end":{"line":67,"column":69}},"21":{"start":{"line":69,"column":10},"end":{"line":69,"column":76}},"22":{"start":{"line":74,"column":8},"end":{"line":74,"column":20}},"23":{"start":{"line":93,"column":18},"end":{"line":93,"column":64}},"24":{"start":{"line":94,"column":20},"end":{"line":94,"column":68}},"25":{"start":{"line":95,"column":20},"end":{"line":95,"column":68}},"26":{"start":{"line":96,"column":20},"end":{"line":96,"column":50}},"27":{"start":{"line":99,"column":17},"end":{"line":99,"column":79}},"28":{"start":{"line":102,"column":4},"end":{"line":104,"column":5}},"29":{"start":{"line":103,"column":6},"end":{"line":103,"column":28}},"30":{"start":{"line":107,"column":4},"end":{"line":107,"column":18}},"31":{"start":{"line":109,"column":4},"end":{"line":109,"column":18}},"32":{"start":{"line":119,"column":4},"end":{"line":121,"column":5}},"33":{"start":{"line":120,"column":6},"end":{"line":120,"column":50}},"34":{"start":{"line":125,"column":4},"end":{"line":125,"column":43}},"35":{"start":{"line":126,"column":4},"end":{"line":126,"column":20}},"36":{"start":{"line":137,"column":22},"end":{"line":137,"column":42}},"37":{"start":{"line":138,"column":4},"end":{"line":140,"column":5}},"38":{"start":{"line":139,"column":6},"end":{"line":139,"column":45}},"39":{"start":{"line":143,"column":24},"end":{"line":143,"column":53}},"40":{"start":{"line":144,"column":4},"end":{"line":146,"column":5}},"41":{"start":{"line":145,"column":6},"end":{"line":145,"column":47}},"42":{"start":{"line":149,"column":4},"end":{"line":151,"column":5}},"43":{"start":{"line":150,"column":6},"end":{"line":150,"column":39}},"44":{"start":{"line":154,"column":4},"end":{"line":154,"column":17}},"45":{"start":{"line":6,"column":0},"end":{"line":6,"column":13}},"46":{"start":{"line":7,"column":26},"end":{"line":7,"column":35}}},"fnMap":{"0":{"name":"(anonymous_0)","decl":{"start":{"line":16,"column":2},"end":{"line":16,"column":14}},"loc":{"start":{"line":16,"column":46},"end":{"line":18,"column":3}}},"1":{"name":"(anonymous_1)","decl":{"start":{"line":25,"column":9},"end":{"line":25,"column":15}},"loc":{"start":{"line":25,"column":32},"end":{"line":29,"column":3}}},"2":{"name":"(anonymous_2)","decl":{"start":{"line":37,"column":12},"end":{"line":37,"column":25}},"loc":{"start":{"line":37,"column":54},"end":{"line":76,"column":3}}},"3":{"name":"(anonymous_3)","decl":{"start":{"line":86,"column":10},"end":{"line":86,"column":23}},"loc":{"start":{"line":90,"column":23},"end":{"line":110,"column":3}}},"4":{"name":"(anonymous_4)","decl":{"start":{"line":117,"column":10},"end":{"line":117,"column":21}},"loc":{"start":{"line":117,"column":38},"end":{"line":127,"column":3}}},"5":{"name":"(anonymous_5)","decl":{"start":{"line":135,"column":10},"end":{"line":135,"column":24}},"loc":{"start":{"line":135,"column":54},"end":{"line":155,"column":3}}}},"branchMap":{"0":{"loc":{"start":{"line":16,"column":14},"end":{"line":16,"column":46}},"type":"default-arg","locations":[{"start":{"line":16,"column":44},"end":{"line":16,"column":46}}]},"1":{"loc":{"start":{"line":39,"column":4},"end":{"line":41,"column":5}},"type":"if","locations":[{"start":{"line":39,"column":4},"end":{"line":41,"column":5}}]},"2":{"loc":{"start":{"line":45,"column":4},"end":{"line":75,"column":5}},"type":"switch","locations":[{"start":{"line":46,"column":6},"end":{"line":47,"column":67}},{"start":{"line":49,"column":6},"end":{"line":50,"column":67}},{"start":{"line":52,"column":6},"end":{"line":53,"column":67}},{"start":{"line":55,"column":6},"end":{"line":56,"column":67}},{"start":{"line":58,"column":6},"end":{"line":71,"column":7}},{"start":{"line":73,"column":6},"end":{"line":74,"column":20}}]},"3":{"loc":{"start":{"line":60,"column":8},"end":{"line":62,"column":9}},"type":"if","locations":[{"start":{"line":60,"column":8},"end":{"line":62,"column":9}}]},"4":{"loc":{"start":{"line":64,"column":8},"end":{"line":70,"column":9}},"type":"if","locations":[{"start":{"line":64,"column":8},"end":{"line":70,"column":9}},{"start":{"line":68,"column":15},"end":{"line":70,"column":9}}]},"5":{"loc":{"start":{"line":119,"column":4},"end":{"line":121,"column":5}},"type":"if","locations":[{"start":{"line":119,"column":4},"end":{"line":121,"column":5}}]},"6":{"loc":{"start":{"line":120,"column":13},"end":{"line":120,"column":49}},"type":"binary-expr","locations":[{"start":{"line":120,"column":13},"end":{"line":120,"column":41}},{"start":{"line":120,"column":45},"end":{"line":120,"column":49}}]},"7":{"loc":{"start":{"line":138,"column":4},"end":{"line":140,"column":5}},"type":"if","locations":[{"start":{"line":138,"column":4},"end":{"line":140,"column":5}}]},"8":{"loc":{"start":{"line":144,"column":4},"end":{"line":146,"column":5}},"type":"if","locations":[{"start":{"line":144,"column":4},"end":{"line":146,"column":5}}]},"9":{"loc":{"start":{"line":149,"column":4},"end":{"line":151,"column":5}},"type":"if","locations":[{"start":{"line":149,"column":4},"end":{"line":151,"column":5}}]}},"s":{"0":2,"1":18,"2":18,"3":18,"4":18,"5":8,"6":8,"7":10,"8":10,"9":1,"10":9,"11":9,"12":2,"13":1,"14":1,"15":1,"16":3,"17":3,"18":1,"19":2,"20":1,"21":1,"22":1,"23":7,"24":7,"25":7,"26":7,"27":7,"28":7,"29":13,"30":7,"31":7,"32":10,"33":1,"34":9,"35":9,"36":4,"37":4,"38":1,"39":3,"40":3,"41":1,"42":2,"43":1,"44":1,"45":2,"46":2},"f":{"0":18,"1":8,"2":10,"3":7,"4":10,"5":4},"b":{"0":[15],"1":[1],"2":[2,1,1,1,3,1],"3":[1],"4":[1,1],"5":[1],"6":[1,1],"7":[1],"8":[1],"9":[1]}}
,"/Users/annaelmoussa/Documents/package/src/utils/BcdUtil.ts": {"path":"/Users/annaelmoussa/Documents/package/src/utils/BcdUtil.ts","statementMap":{"0":{"start":{"line":11,"column":4},"end":{"line":11,"column":72}},"1":{"start":{"line":20,"column":4},"end":{"line":20,"column":53}},"2":{"start":{"line":35,"column":17},"end":{"line":35,"column":18}},"3":{"start":{"line":36,"column":4},"end":{"line":38,"column":5}},"4":{"start":{"line":36,"column":17},"end":{"line":36,"column":18}},"5":{"start":{"line":37,"column":6},"end":{"line":37,"column":67}},"6":{"start":{"line":39,"column":4},"end":{"line":39,"column":18}},"7":{"start":{"line":55,"column":4},"end":{"line":58,"column":5}},"8":{"start":{"line":55,"column":17},"end":{"line":55,"column":27}},"9":{"start":{"line":56,"column":6},"end":{"line":56,"column":55}},"10":{"start":{"line":57,"column":6},"end":{"line":57,"column":38}},"11":{"start":{"line":73,"column":17},"end":{"line":73,"column":19}},"12":{"start":{"line":74,"column":4},"end":{"line":85,"column":5}},"13":{"start":{"line":74,"column":17},"end":{"line":74,"column":18}},"14":{"start":{"line":75,"column":21},"end":{"line":75,"column":52}},"15":{"start":{"line":76,"column":21},"end":{"line":76,"column":45}},"16":{"start":{"line":79,"column":6},"end":{"line":81,"column":7}},"17":{"start":{"line":80,"column":8},"end":{"line":80,"column":52}},"18":{"start":{"line":82,"column":6},"end":{"line":84,"column":7}},"19":{"start":{"line":83,"column":8},"end":{"line":83,"column":52}},"20":{"start":{"line":86,"column":4},"end":{"line":86,"column":18}},"21":{"start":{"line":102,"column":21},"end":{"line":102,"column":40}},"22":{"start":{"line":103,"column":19},"end":{"line":103,"column":34}},"23":{"start":{"line":106,"column":4},"end":{"line":115,"column":5}},"24":{"start":{"line":106,"column":17},"end":{"line":106,"column":18}},"25":{"start":{"line":107,"column":6},"end":{"line":114,"column":7}},"26":{"start":{"line":108,"column":8},"end":{"line":108,"column":34}},"27":{"start":{"line":110,"column":23},"end":{"line":110,"column":75}},"28":{"start":{"line":112,"column":10},"end":{"line":112,"column":70}},"29":{"start":{"line":113,"column":8},"end":{"line":113,"column":52}},"30":{"start":{"line":4,"column":0},"end":{"line":4,"column":13}}},"fnMap":{"0":{"name":"(anonymous_0)","decl":{"start":{"line":10,"column":9},"end":{"line":10,"column":15}},"loc":{"start":{"line":10,"column":36},"end":{"line":12,"column":3}}},"1":{"name":"(anonymous_1)","decl":{"start":{"line":19,"column":9},"end":{"line":19,"column":15}},"loc":{"start":{"line":19,"column":38},"end":{"line":21,"column":3}}},"2":{"name":"(anonymous_2)","decl":{"start":{"line":30,"column":9},"end":{"line":30,"column":15}},"loc":{"start":{"line":33,"column":18},"end":{"line":40,"column":3}}},"3":{"name":"(anonymous_3)","decl":{"start":{"line":49,"column":9},"end":{"line":49,"column":15}},"loc":{"start":{"line":53,"column":18},"end":{"line":59,"column":3}}},"4":{"name":"(anonymous_4)","decl":{"start":{"line":68,"column":9},"end":{"line":68,"column":15}},"loc":{"start":{"line":71,"column":18},"end":{"line":87,"column":3}}},"5":{"name":"(anonymous_5)","decl":{"start":{"line":96,"column":9},"end":{"line":96,"column":15}},"loc":{"start":{"line":100,"column":18},"end":{"line":116,"column":3}}}},"branchMap":{"0":{"loc":{"start":{"line":79,"column":6},"end":{"line":81,"column":7}},"type":"if","locations":[{"start":{"line":79,"column":6},"end":{"line":81,"column":7}}]},"1":{"loc":{"start":{"line":82,"column":6},"end":{"line":84,"column":7}},"type":"if","locations":[{"start":{"line":82,"column":6},"end":{"line":84,"column":7}}]},"2":{"loc":{"start":{"line":107,"column":6},"end":{"line":114,"column":7}},"type":"if","locations":[{"start":{"line":107,"column":6},"end":{"line":114,"column":7}},{"start":{"line":109,"column":13},"end":{"line":114,"column":7}}]},"3":{"loc":{"start":{"line":110,"column":23},"end":{"line":110,"column":75}},"type":"cond-expr","locations":[{"start":{"line":110,"column":40},"end":{"line":110,"column":69}},{"start":{"line":110,"column":72},"end":{"line":110,"column":75}}]},"4":{"loc":{"start":{"line":112,"column":10},"end":{"line":112,"column":70}},"type":"cond-expr","locations":[{"start":{"line":112,"column":31},"end":{"line":112,"column":64}},{"start":{"line":112,"column":67},"end":{"line":112,"column":70}}]}},"s":{"0":12,"1":39,"2":18,"3":18,"4":18,"5":34,"6":18,"7":3,"8":3,"9":7,"10":7,"11":3,"12":3,"13":3,"14":10,"15":10,"16":10,"17":8,"18":10,"19":8,"20":3,"21":9,"22":9,"23":9,"24":9,"25":25,"26":2,"27":23,"28":23,"29":23,"30":3},"f":{"0":12,"1":39,"2":18,"3":3,"4":3,"5":9},"b":{"0":[8],"1":[8],"2":[2,23],"3":[23,0],"4":[18,5]}}
,"/Users/annaelmoussa/Documents/package/src/utils/BitUtil.ts": {"path":"/Users/annaelmoussa/Documents/package/src/utils/BitUtil.ts","statementMap":{"0":{"start":{"line":12,"column":4},"end":{"line":12,"column":38}},"1":{"start":{"line":22,"column":4},"end":{"line":22,"column":30}},"2":{"start":{"line":32,"column":4},"end":{"line":32,"column":31}},"3":{"start":{"line":43,"column":17},"end":{"line":43,"column":56}},"4":{"start":{"line":44,"column":4},"end":{"line":44,"column":35}},"5":{"start":{"line":53,"column":4},"end":{"line":55,"column":5}},"6":{"start":{"line":54,"column":6},"end":{"line":54,"column":15}},"7":{"start":{"line":56,"column":4},"end":{"line":56,"column":44}},"8":{"start":{"line":65,"column":4},"end":{"line":65,"column":52}},"9":{"start":{"line":4,"column":0},"end":{"line":4,"column":13}}},"fnMap":{"0":{"name":"(anonymous_0)","decl":{"start":{"line":11,"column":9},"end":{"line":11,"column":15}},"loc":{"start":{"line":11,"column":48},"end":{"line":13,"column":3}}},"1":{"name":"(anonymous_1)","decl":{"start":{"line":21,"column":9},"end":{"line":21,"column":15}},"loc":{"start":{"line":21,"column":46},"end":{"line":23,"column":3}}},"2":{"name":"(anonymous_2)","decl":{"start":{"line":31,"column":9},"end":{"line":31,"column":15}},"loc":{"start":{"line":31,"column":48},"end":{"line":33,"column":3}}},"3":{"name":"(anonymous_3)","decl":{"start":{"line":42,"column":9},"end":{"line":42,"column":15}},"loc":{"start":{"line":42,"column":65},"end":{"line":45,"column":3}}},"4":{"name":"(anonymous_4)","decl":{"start":{"line":52,"column":9},"end":{"line":52,"column":15}},"loc":{"start":{"line":52,"column":38},"end":{"line":57,"column":3}}},"5":{"name":"(anonymous_5)","decl":{"start":{"line":64,"column":9},"end":{"line":64,"column":15}},"loc":{"start":{"line":64,"column":42},"end":{"line":66,"column":3}}}},"branchMap":{"0":{"loc":{"start":{"line":53,"column":4},"end":{"line":55,"column":5}},"type":"if","locations":[{"start":{"line":53,"column":4},"end":{"line":55,"column":5}}]},"1":{"loc":{"start":{"line":65,"column":11},"end":{"line":65,"column":51}},"type":"binary-expr","locations":[{"start":{"line":65,"column":11},"end":{"line":65,"column":20}},{"start":{"line":65,"column":24},"end":{"line":65,"column":51}}]}},"s":{"0":6,"1":6,"2":7,"3":10,"4":10,"5":16,"6":3,"7":13,"8":19,"9":2},"f":{"0":6,"1":6,"2":7,"3":10,"4":16,"5":19},"b":{"0":[3],"1":[19,16]}}
,"/Users/annaelmoussa/Documents/package/src/utils/DateBuilder.ts": {"path":"/Users/annaelmoussa/Documents/package/src/utils/DateBuilder.ts","statementMap":{"0":{"start":{"line":12,"column":4},"end":{"line":12,"column":51}},"1":{"start":{"line":21,"column":4},"end":{"line":21,"column":35}},"2":{"start":{"line":22,"column":4},"end":{"line":22,"column":16}},"3":{"start":{"line":31,"column":4},"end":{"line":31,"column":37}},"4":{"start":{"line":32,"column":4},"end":{"line":32,"column":16}},"5":{"start":{"line":41,"column":4},"end":{"line":41,"column":30}},"6":{"start":{"line":42,"column":4},"end":{"line":42,"column":16}},"7":{"start":{"line":51,"column":4},"end":{"line":51,"column":32}},"8":{"start":{"line":52,"column":4},"end":{"line":52,"column":16}},"9":{"start":{"line":61,"column":4},"end":{"line":61,"column":36}},"10":{"start":{"line":62,"column":4},"end":{"line":62,"column":16}},"11":{"start":{"line":71,"column":4},"end":{"line":71,"column":36}},"12":{"start":{"line":72,"column":4},"end":{"line":72,"column":16}},"13":{"start":{"line":81,"column":4},"end":{"line":81,"column":46}},"14":{"start":{"line":82,"column":4},"end":{"line":82,"column":16}},"15":{"start":{"line":93,"column":4},"end":{"line":93,"column":23}},"16":{"start":{"line":94,"column":4},"end":{"line":94,"column":25}},"17":{"start":{"line":95,"column":4},"end":{"line":95,"column":21}},"18":{"start":{"line":96,"column":4},"end":{"line":96,"column":16}},"19":{"start":{"line":113,"column":4},"end":{"line":113,"column":23}},"20":{"start":{"line":114,"column":4},"end":{"line":114,"column":27}},"21":{"start":{"line":115,"column":4},"end":{"line":115,"column":27}},"22":{"start":{"line":116,"column":4},"end":{"line":116,"column":37}},"23":{"start":{"line":117,"column":4},"end":{"line":117,"column":16}},"24":{"start":{"line":130,"column":4},"end":{"line":136,"column":5}},"25":{"start":{"line":131,"column":6},"end":{"line":135,"column":7}},"26":{"start":{"line":132,"column":8},"end":{"line":132,"column":21}},"27":{"start":{"line":134,"column":8},"end":{"line":134,"column":21}},"28":{"start":{"line":138,"column":4},"end":{"line":138,"column":42}},"29":{"start":{"line":146,"column":4},"end":{"line":146,"column":31}},"30":{"start":{"line":154,"column":4},"end":{"line":154,"column":31}},"31":{"start":{"line":4,"column":0},"end":{"line":4,"column":13}}},"fnMap":{"0":{"name":"(anonymous_0)","decl":{"start":{"line":11,"column":2},"end":{"line":11,"column":14}},"loc":{"start":{"line":11,"column":25},"end":{"line":13,"column":3}}},"1":{"name":"(anonymous_1)","decl":{"start":{"line":20,"column":9},"end":{"line":20,"column":16}},"loc":{"start":{"line":20,"column":29},"end":{"line":23,"column":3}}},"2":{"name":"(anonymous_2)","decl":{"start":{"line":30,"column":9},"end":{"line":30,"column":17}},"loc":{"start":{"line":30,"column":31},"end":{"line":33,"column":3}}},"3":{"name":"(anonymous_3)","decl":{"start":{"line":40,"column":9},"end":{"line":40,"column":15}},"loc":{"start":{"line":40,"column":27},"end":{"line":43,"column":3}}},"4":{"name":"(anonymous_4)","decl":{"start":{"line":50,"column":9},"end":{"line":50,"column":16}},"loc":{"start":{"line":50,"column":29},"end":{"line":53,"column":3}}},"5":{"name":"(anonymous_5)","decl":{"start":{"line":60,"column":9},"end":{"line":60,"column":18}},"loc":{"start":{"line":60,"column":33},"end":{"line":63,"column":3}}},"6":{"name":"(anonymous_6)","decl":{"start":{"line":70,"column":9},"end":{"line":70,"column":18}},"loc":{"start":{"line":70,"column":33},"end":{"line":73,"column":3}}},"7":{"name":"(anonymous_7)","decl":{"start":{"line":80,"column":9},"end":{"line":80,"column":23}},"loc":{"start":{"line":80,"column":43},"end":{"line":83,"column":3}}},"8":{"name":"(anonymous_8)","decl":{"start":{"line":92,"column":9},"end":{"line":92,"column":16}},"loc":{"start":{"line":92,"column":57},"end":{"line":97,"column":3}}},"9":{"name":"(anonymous_9)","decl":{"start":{"line":107,"column":9},"end":{"line":107,"column":16}},"loc":{"start":{"line":111,"column":27},"end":{"line":118,"column":3}}},"10":{"name":"(anonymous_10)","decl":{"start":{"line":128,"column":9},"end":{"line":128,"column":23}},"loc":{"start":{"line":128,"column":64},"end":{"line":139,"column":3}}},"11":{"name":"(anonymous_11)","decl":{"start":{"line":145,"column":9},"end":{"line":145,"column":16}},"loc":{"start":{"line":145,"column":16},"end":{"line":147,"column":3}}},"12":{"name":"(anonymous_12)","decl":{"start":{"line":153,"column":9},"end":{"line":153,"column":21}},"loc":{"start":{"line":153,"column":21},"end":{"line":155,"column":3}}}},"branchMap":{"0":{"loc":{"start":{"line":12,"column":16},"end":{"line":12,"column":50}},"type":"cond-expr","locations":[{"start":{"line":12,"column":23},"end":{"line":12,"column":37}},{"start":{"line":12,"column":40},"end":{"line":12,"column":50}}]},"1":{"loc":{"start":{"line":111,"column":4},"end":{"line":111,"column":27}},"type":"default-arg","locations":[{"start":{"line":111,"column":26},"end":{"line":111,"column":27}}]},"2":{"loc":{"start":{"line":130,"column":4},"end":{"line":136,"column":5}},"type":"if","locations":[{"start":{"line":130,"column":4},"end":{"line":136,"column":5}}]},"3":{"loc":{"start":{"line":131,"column":6},"end":{"line":135,"column":7}},"type":"if","locations":[{"start":{"line":131,"column":6},"end":{"line":135,"column":7}},{"start":{"line":133,"column":13},"end":{"line":135,"column":7}}]}},"s":{"0":22,"1":10,"2":10,"3":10,"4":10,"5":10,"6":10,"7":8,"8":8,"9":8,"10":8,"11":8,"12":8,"13":7,"14":7,"15":7,"16":7,"17":7,"18":7,"19":5,"20":5,"21":5,"22":5,"23":5,"24":6,"25":5,"26":1,"27":4,"28":6,"29":21,"30":1,"31":3},"f":{"0":22,"1":10,"2":10,"3":10,"4":8,"5":8,"6":8,"7":7,"8":7,"9":5,"10":6,"11":21,"12":1},"b":{"0":[9,13],"1":[4],"2":[5],"3":[1,4]}}
}
