TN:
SF:src/index.ts
FN:2,(anonymous_0)
FN:3,(anonymous_1)
FN:4,(anonymous_2)
FN:4,(anonymous_3)
FN:7,(anonymous_4)
FN:8,(anonymous_5)
FN:9,(anonymous_6)
FN:10,(anonymous_7)
FN:13,(anonymous_8)
FN:14,(anonymous_9)
FN:15,(anonymous_10)
FNF:11
FNH:11
FNDA:1,(anonymous_0)
FNDA:1,(anonymous_1)
FNDA:1,(anonymous_2)
FNDA:1,(anonymous_3)
FNDA:1,(anonymous_4)
FNDA:1,(anonymous_5)
FNDA:1,(anonymous_6)
FNDA:1,(anonymous_7)
FNDA:1,(anonymous_8)
FNDA:1,(anonymous_9)
FNDA:1,(anonymous_10)
DA:2,2
DA:3,2
DA:4,2
DA:7,2
DA:8,2
DA:9,2
DA:10,2
DA:13,2
DA:14,2
DA:15,2
LF:10
LH:10
BRF:0
BRH:0
end_of_record
TN:
SF:src/models/Command.ts
FN:31,(anonymous_0)
FN:40,(anonymous_1)
FN:48,(anonymous_2)
FN:56,(anonymous_3)
FN:64,(anonymous_4)
FN:73,(anonymous_5)
FN:82,(anonymous_6)
FN:91,(anonymous_7)
FN:99,(anonymous_8)
FN:107,(anonymous_9)
FNF:10
FNH:10
FNDA:19,(anonymous_0)
FNDA:12,(anonymous_1)
FNDA:1,(anonymous_2)
FNDA:17,(anonymous_3)
FNDA:1,(anonymous_4)
FNDA:8,(anonymous_5)
FNDA:6,(anonymous_6)
FNDA:2,(anonymous_7)
FNDA:2,(anonymous_8)
FNDA:1,(anonymous_9)
DA:4,4
DA:6,4
DA:7,4
DA:8,4
DA:9,4
DA:10,4
DA:13,4
DA:14,4
DA:15,4
DA:16,4
DA:17,4
DA:18,4
DA:19,4
DA:20,4
DA:24,19
DA:32,19
DA:33,19
DA:41,12
DA:49,1
DA:57,17
DA:65,1
DA:74,8
DA:83,6
DA:92,2
DA:100,2
DA:108,1
LF:26
LH:26
BRF:0
BRH:0
end_of_record
TN:
SF:src/models/Network.ts
FN:4,(anonymous_0)
FN:11,(anonymous_1)
FN:19,(anonymous_2)
FN:27,(anonymous_3)
FN:29,(anonymous_4)
FN:52,(anonymous_5)
FN:75,(anonymous_6)
FN:92,(anonymous_7)
FN:106,(anonymous_8)
FN:114,(anonymous_9)
FN:122,(anonymous_10)
FN:130,(anonymous_11)
FN:138,(anonymous_12)
FN:146,(anonymous_13)
FNF:14
FNH:14
FNDA:4,(anonymous_0)
FNDA:4,(anonymous_1)
FNDA:4,(anonymous_2)
FNDA:1,(anonymous_3)
FNDA:2,(anonymous_4)
FNDA:13,(anonymous_5)
FNDA:1,(anonymous_6)
FNDA:3,(anonymous_7)
FNDA:6,(anonymous_8)
FNDA:6,(anonymous_9)
FNDA:6,(anonymous_10)
FNDA:6,(anonymous_11)
FNDA:6,(anonymous_12)
FNDA:4,(anonymous_13)
DA:4,3
DA:5,4
DA:12,4
DA:20,4
DA:28,1
DA:29,2
DA:37,3
DA:59,13
DA:60,13
DA:61,13
DA:62,13
DA:63,13
DA:82,1
DA:97,3
DA:98,3
DA:99,3
DA:107,6
DA:115,6
DA:123,6
DA:131,6
DA:139,6
DA:147,4
DA:154,4
DA:155,2
DA:158,4
LF:25
LH:25
BRDA:97,0,0,3
BRDA:97,0,1,1
BRDA:98,1,0,3
BRDA:98,1,1,2
BRDA:154,2,0,2
BRF:5
BRH:5
end_of_record
TN:
SF:src/models/Position.ts
FN:40,(anonymous_0)
FN:45,(anonymous_1)
FN:49,(anonymous_2)
FN:53,(anonymous_3)
FN:57,(anonymous_4)
FN:61,(anonymous_5)
FN:65,(anonymous_6)
FN:69,(anonymous_7)
FN:73,(anonymous_8)
FN:77,(anonymous_9)
FN:81,(anonymous_10)
FN:85,(anonymous_11)
FN:89,(anonymous_12)
FN:93,(anonymous_13)
FN:97,(anonymous_14)
FN:101,(anonymous_15)
FN:105,(anonymous_16)
FN:109,(anonymous_17)
FN:113,(anonymous_18)
FN:120,(anonymous_19)
FN:127,(anonymous_20)
FN:134,(anonymous_21)
FN:141,(anonymous_22)
FN:148,(anonymous_23)
FN:155,(anonymous_24)
FN:166,(anonymous_25)
FN:173,(anonymous_26)
FNF:27
FNH:27
FNDA:25,(anonymous_0)
FNDA:7,(anonymous_1)
FNDA:10,(anonymous_2)
FNDA:7,(anonymous_3)
FNDA:1,(anonymous_4)
FNDA:8,(anonymous_5)
FNDA:18,(anonymous_6)
FNDA:3,(anonymous_7)
FNDA:6,(anonymous_8)
FNDA:3,(anonymous_9)
FNDA:6,(anonymous_10)
FNDA:2,(anonymous_11)
FNDA:2,(anonymous_12)
FNDA:3,(anonymous_13)
FNDA:6,(anonymous_14)
FNDA:3,(anonymous_15)
FNDA:6,(anonymous_16)
FNDA:3,(anonymous_17)
FNDA:15,(anonymous_18)
FNDA:2,(anonymous_19)
FNDA:2,(anonymous_20)
FNDA:16,(anonymous_21)
FNDA:9,(anonymous_22)
FNDA:2,(anonymous_23)
FNDA:5,(anonymous_24)
FNDA:11,(anonymous_25)
FNDA:1,(anonymous_26)
DA:4,4
DA:6,25
DA:7,25
DA:8,25
DA:9,25
DA:10,25
DA:11,25
DA:12,25
DA:13,25
DA:14,25
DA:15,25
DA:18,25
DA:21,4
DA:22,4
DA:23,4
DA:24,4
DA:27,4
DA:28,4
DA:29,4
DA:30,4
DA:31,4
DA:32,4
DA:33,4
DA:34,4
DA:35,4
DA:36,4
DA:37,4
DA:38,4
DA:41,25
DA:46,7
DA:50,10
DA:54,7
DA:58,1
DA:62,8
DA:66,18
DA:70,3
DA:74,6
DA:78,3
DA:82,6
DA:86,2
DA:90,2
DA:94,3
DA:98,6
DA:102,3
DA:106,6
DA:110,3
DA:114,15
DA:121,2
DA:128,2
DA:135,16
DA:142,9
DA:149,2
DA:156,5
DA:157,5
DA:158,4
DA:159,4
DA:167,11
DA:174,1
LF:58
LH:58
BRDA:40,0,0,16
BRDA:156,1,0,5
BRDA:156,1,1,3
BRDA:157,2,0,4
BRF:4
BRH:4
end_of_record
TN:
SF:src/protocol/H02FrameDecoder.ts
FN:15,(anonymous_0)
FN:24,(anonymous_1)
FN:47,(anonymous_2)
FN:62,(anonymous_3)
FN:73,(anonymous_4)
FN:99,(anonymous_5)
FN:121,(anonymous_6)
FN:147,(anonymous_7)
FNF:8
FNH:8
FNDA:25,(anonymous_0)
FNDA:17,(anonymous_1)
FNDA:15,(anonymous_2)
FNDA:12,(anonymous_3)
FNDA:15,(anonymous_4)
FNDA:12,(anonymous_5)
FNDA:7,(anonymous_6)
FNDA:5,(anonymous_7)
DA:4,2
DA:6,2
DA:7,2
DA:16,25
DA:25,17
DA:26,2
DA:30,15
DA:31,15
DA:32,3
DA:36,12
DA:48,15
DA:54,3
DA:56,12
DA:63,12
DA:64,12
DA:65,2
DA:67,10
DA:74,15
DA:75,15
DA:76,9
DA:79,6
DA:80,3
DA:85,3
DA:86,0
DA:89,3
DA:90,3
DA:93,0
DA:100,12
DA:101,12
DA:102,7
DA:105,5
DA:106,3
DA:111,2
DA:112,2
DA:115,0
DA:123,7
DA:124,7
DA:125,2
DA:129,5
DA:130,5
DA:131,2
DA:134,3
DA:135,3
DA:136,2
DA:139,1
DA:149,5
DA:150,5
DA:151,1
DA:155,4
DA:156,4
DA:157,2
DA:161,2
LF:52
LH:49
BRDA:15,0,0,0
BRDA:25,1,0,2
BRDA:25,2,0,17
BRDA:25,2,1,16
BRDA:31,3,0,3
BRDA:37,4,0,12
BRDA:37,4,1,11
BRDA:37,4,2,9
BRDA:37,4,3,7
BRDA:48,5,0,3
BRDA:49,6,0,15
BRDA:49,6,1,13
BRDA:49,6,2,11
BRDA:49,6,3,3
BRDA:64,7,0,2
BRDA:75,8,0,9
BRDA:79,9,0,3
BRDA:80,10,0,1
BRDA:80,10,1,2
BRDA:85,11,0,0
BRDA:89,12,0,3
BRDA:101,13,0,7
BRDA:105,14,0,3
BRDA:106,15,0,1
BRDA:106,15,1,2
BRDA:111,16,0,2
BRDA:124,17,0,2
BRDA:130,18,0,2
BRDA:135,19,0,2
BRDA:150,20,0,1
BRDA:156,21,0,2
BRF:31
BRH:29
end_of_record
TN:
SF:src/protocol/H02Protocol.ts
FN:53,(anonymous_0)
FN:75,(anonymous_1)
FN:76,(anonymous_2)
FN:82,(anonymous_3)
FN:84,(anonymous_4)
FN:89,(anonymous_5)
FN:100,(anonymous_6)
FN:101,(anonymous_7)
FN:113,(anonymous_8)
FN:130,(anonymous_9)
FN:131,(anonymous_10)
FN:146,(anonymous_11)
FN:161,(anonymous_12)
FN:168,(anonymous_13)
FN:199,(anonymous_14)
FN:208,(anonymous_15)
FN:219,(anonymous_16)
FN:256,(anonymous_17)
FN:271,(anonymous_18)
FN:285,(anonymous_19)
FNF:20
FNH:19
FNDA:19,(anonymous_0)
FNDA:11,(anonymous_1)
FNDA:11,(anonymous_2)
FNDA:3,(anonymous_3)
FNDA:0,(anonymous_4)
FNDA:10,(anonymous_5)
FNDA:2,(anonymous_6)
FNDA:2,(anonymous_7)
FNDA:1,(anonymous_8)
FNDA:3,(anonymous_9)
FNDA:3,(anonymous_10)
FNDA:1,(anonymous_11)
FNDA:3,(anonymous_12)
FNDA:1,(anonymous_13)
FNDA:1,(anonymous_14)
FNDA:1,(anonymous_15)
FNDA:5,(anonymous_16)
FNDA:4,(anonymous_17)
FNDA:1,(anonymous_18)
FNDA:1,(anonymous_19)
DA:1,2
DA:2,2
DA:3,2
DA:4,2
DA:5,2
DA:6,2
DA:41,2
DA:43,19
DA:44,19
DA:54,19
DA:57,19
DA:66,19
DA:67,19
DA:68,19
DA:76,11
DA:77,11
DA:78,1
DA:79,1
DA:82,10
DA:84,10
DA:85,0
DA:86,0
DA:89,10
DA:90,10
DA:91,10
DA:101,2
DA:102,2
DA:103,1
DA:104,1
DA:108,1
DA:109,1
DA:111,1
DA:113,1
DA:114,1
DA:115,0
DA:117,1
DA:118,1
DA:119,1
DA:131,3
DA:132,3
DA:133,3
DA:135,3
DA:136,1
DA:137,1
DA:140,2
DA:141,2
DA:142,1
DA:143,1
DA:146,1
DA:147,1
DA:148,0
DA:150,1
DA:151,1
DA:162,3
DA:163,3
DA:165,3
DA:166,3
DA:168,3
DA:170,1
DA:174,1
DA:176,1
DA:179,1
DA:180,1
DA:181,1
DA:184,1
DA:185,1
DA:189,1
DA:192,1
DA:193,1
DA:199,3
DA:200,1
DA:203,1
DA:204,0
DA:208,3
DA:209,1
DA:225,5
DA:227,1
DA:230,4
DA:231,4
DA:233,4
DA:234,0
DA:238,4
DA:240,4
DA:242,4
DA:244,3
DA:247,1
DA:248,1
DA:249,1
DA:250,1
DA:251,1
DA:253,1
DA:256,4
DA:257,4
DA:258,1
DA:272,1
DA:286,1
LF:96
LH:90
BRDA:53,0,0,0
BRDA:77,1,0,1
BRDA:102,2,0,1
BRDA:114,3,0,0
BRDA:114,3,1,1
BRDA:135,4,0,1
BRDA:141,5,0,1
BRDA:147,6,0,0
BRDA:147,6,1,1
BRDA:180,7,0,1
BRDA:184,8,0,1
BRDA:184,9,0,1
BRDA:184,9,1,1
BRDA:192,10,0,1
BRDA:203,11,0,0
BRDA:225,12,0,1
BRDA:233,13,0,0
BRDA:242,14,0,3
BRDA:242,14,1,1
BRDA:257,15,0,1
BRF:20
BRH:15
end_of_record
TN:
SF:src/protocol/H02ProtocolDecoder.ts
FN:18,(anonymous_0)
FN:28,(anonymous_1)
FN:59,(anonymous_2)
FN:139,(anonymous_3)
FN:202,(anonymous_4)
FN:224,(anonymous_5)
FN:243,(anonymous_6)
FN:263,(anonymous_7)
FN:292,(anonymous_8)
FN:320,(anonymous_9)
FN:352,(anonymous_10)
FN:386,(anonymous_11)
FN:409,(anonymous_12)
FN:428,(anonymous_13)
FN:452,(anonymous_14)
FN:471,(anonymous_15)
FN:482,(anonymous_16)
FN:502,(anonymous_17)
FN:516,(anonymous_18)
FN:531,(anonymous_19)
FN:547,(anonymous_20)
FN:601,(anonymous_21)
FN:636,(anonymous_22)
FN:686,(anonymous_23)
FN:704,(anonymous_24)
FN:735,(anonymous_25)
FN:748,(anonymous_26)
FN:769,(anonymous_27)
FN:779,(anonymous_28)
FN:798,(anonymous_29)
FN:827,(anonymous_30)
FN:840,(anonymous_31)
FN:880,(anonymous_32)
FN:899,(anonymous_33)
FN:931,(anonymous_34)
FN:949,(anonymous_35)
FNF:36
FNH:21
FNDA:9,(anonymous_0)
FNDA:9,(anonymous_1)
FNDA:1,(anonymous_2)
FNDA:6,(anonymous_3)
FNDA:4,(anonymous_4)
FNDA:4,(anonymous_5)
FNDA:4,(anonymous_6)
FNDA:4,(anonymous_7)
FNDA:0,(anonymous_8)
FNDA:3,(anonymous_9)
FNDA:0,(anonymous_10)
FNDA:4,(anonymous_11)
FNDA:4,(anonymous_12)
FNDA:4,(anonymous_13)
FNDA:4,(anonymous_14)
FNDA:0,(anonymous_15)
FNDA:0,(anonymous_16)
FNDA:0,(anonymous_17)
FNDA:3,(anonymous_18)
FNDA:1,(anonymous_19)
FNDA:0,(anonymous_20)
FNDA:0,(anonymous_21)
FNDA:0,(anonymous_22)
FNDA:0,(anonymous_23)
FNDA:0,(anonymous_24)
FNDA:0,(anonymous_25)
FNDA:0,(anonymous_26)
FNDA:0,(anonymous_27)
FNDA:0,(anonymous_28)
FNDA:1,(anonymous_29)
FNDA:0,(anonymous_30)
FNDA:4,(anonymous_31)
FNDA:1,(anonymous_32)
FNDA:2,(anonymous_33)
FNDA:7,(anonymous_34)
FNDA:5,(anonymous_35)
DA:1,2
DA:2,2
DA:3,2
DA:4,2
DA:9,2
DA:10,9
DA:11,9
DA:12,9
DA:19,9
DA:29,9
DA:30,1
DA:33,8
DA:35,8
DA:37,6
DA:39,1
DA:42,1
DA:43,0
DA:44,0
DA:49,1
DA:60,1
DA:62,1
DA:65,1
DA:68,1
DA:69,0
DA:70,0
DA:72,1
DA:73,1
DA:76,1
DA:77,1
DA:78,0
DA:80,1
DA:83,1
DA:90,1
DA:92,1
DA:95,1
DA:98,1
DA:101,1
DA:102,1
DA:105,1
DA:106,1
DA:107,1
DA:108,0
DA:110,1
DA:111,1
DA:114,1
DA:115,1
DA:117,1
DA:120,1
DA:121,1
DA:125,1
DA:128,1
DA:130,1
DA:144,6
DA:146,6
DA:147,0
DA:151,6
DA:157,0
DA:160,6
DA:161,6
DA:162,6
DA:163,0
DA:166,6
DA:167,6
DA:170,6
DA:171,6
DA:174,6
DA:175,6
DA:176,6
DA:179,6
DA:181,3
DA:183,1
DA:185,0
DA:187,0
DA:189,0
DA:191,0
DA:193,1
DA:195,1
DA:203,4
DA:204,4
DA:207,4
DA:208,4
DA:209,4
DA:210,4
DA:211,4
DA:213,4
DA:215,4
DA:216,4
DA:218,4
DA:229,4
DA:230,3
DA:235,3
DA:237,4
DA:248,4
DA:249,3
DA:250,3
DA:251,3
DA:252,0
DA:253,0
DA:254,0
DA:257,4
DA:268,4
DA:269,1
DA:272,3
DA:273,3
DA:275,3
DA:276,0
DA:277,3
DA:281,3
DA:282,0
DA:283,0
DA:286,0
DA:298,0
DA:299,0
DA:300,0
DA:301,0
DA:303,0
DA:305,0
DA:306,0
DA:307,0
DA:308,0
DA:310,0
DA:312,0
DA:313,0
DA:314,0
DA:327,3
DA:329,3
DA:330,3
DA:331,0
DA:333,3
DA:336,3
DA:338,3
DA:339,3
DA:340,0
DA:342,3
DA:344,3
DA:345,3
DA:346,3
DA:358,0
DA:359,0
DA:360,0
DA:361,0
DA:362,0
DA:363,0
DA:364,0
DA:366,0
DA:368,0
DA:369,0
DA:370,0
DA:371,0
DA:372,0
DA:373,0
DA:374,0
DA:376,0
DA:378,0
DA:379,0
DA:380,0
DA:392,4
DA:393,3
DA:394,3
DA:398,4
DA:399,3
DA:400,3
DA:403,4
DA:414,4
DA:415,3
DA:420,3
DA:422,4
DA:433,4
DA:435,3
DA:436,3
DA:437,3
DA:440,3
DA:441,3
DA:442,3
DA:444,3
DA:446,4
DA:457,4
DA:458,4
DA:461,0
DA:462,0
DA:464,0
DA:472,0
DA:487,0
DA:488,0
DA:489,0
DA:490,0
DA:492,0
DA:493,0
DA:495,0
DA:496,0
DA:507,0
DA:508,0
DA:509,0
DA:517,3
DA:518,3
DA:521,3
DA:522,3
DA:525,0
DA:532,1
DA:534,1
DA:535,1
DA:536,1
DA:538,1
DA:540,1
DA:541,1
DA:548,0
DA:549,0
DA:552,0
DA:558,0
DA:559,0
DA:560,0
DA:563,0
DA:564,0
DA:566,0
DA:567,0
DA:568,0
DA:569,0
DA:581,0
DA:583,0
DA:589,0
DA:591,0
DA:592,0
DA:595,0
DA:602,0
DA:603,0
DA:606,0
DA:612,0
DA:613,0
DA:614,0
DA:615,0
DA:616,0
DA:618,0
DA:624,0
DA:626,0
DA:627,0
DA:630,0
DA:637,0
DA:638,0
DA:641,0
DA:647,0
DA:648,0
DA:649,0
DA:651,0
DA:652,0
DA:654,0
DA:655,0
DA:665,0
DA:666,0
DA:668,0
DA:674,0
DA:676,0
DA:677,0
DA:680,0
DA:687,0
DA:688,0
DA:692,0
DA:693,0
DA:694,0
DA:695,0
DA:698,0
DA:705,0
DA:707,0
DA:708,0
DA:710,0
DA:711,0
DA:713,0
DA:714,0
DA:715,0
DA:716,0
DA:728,0
DA:729,0
DA:736,0
DA:738,0
DA:739,0
DA:740,0
DA:742,0
DA:750,0
DA:752,0
DA:754,0
DA:758,0
DA:760,0
DA:762,0
DA:770,0
DA:771,0
DA:772,0
DA:780,0
DA:781,0
DA:791,0
DA:802,1
DA:803,0
DA:806,1
DA:809,1
DA:810,1
DA:811,1
DA:813,1
DA:816,1
DA:817,0
DA:818,0
DA:821,1
DA:828,0
DA:829,0
DA:830,0
DA:831,0
DA:833,0
DA:841,4
DA:844,4
DA:845,4
DA:849,4
DA:850,1
DA:853,4
DA:854,0
DA:857,4
DA:858,0
DA:861,4
DA:862,0
DA:869,4
DA:870,3
DA:873,1
DA:881,1
DA:882,0
DA:883,1
DA:884,0
DA:885,1
DA:886,0
DA:887,1
DA:888,0
DA:889,1
DA:890,0
DA:892,1
DA:900,2
DA:901,2
DA:902,1
DA:905,2
DA:906,2
DA:907,1
DA:910,2
DA:912,2
DA:913,1
DA:917,1
DA:922,2
DA:923,2
DA:925,2
DA:936,7
DA:937,0
DA:942,7
DA:943,7
DA:950,5
DA:951,5
DA:953,0
LF:349
LH:178
BRDA:18,0,0,9
BRDA:29,1,0,1
BRDA:29,2,0,9
BRDA:29,2,1,9
BRDA:35,3,0,6
BRDA:35,3,1,1
BRDA:35,3,2,1
BRDA:42,4,0,0
BRDA:68,5,0,0
BRDA:68,5,1,1
BRDA:77,6,0,0
BRDA:107,7,0,0
BRDA:110,8,0,1
BRDA:146,9,0,0
BRDA:151,10,0,0
BRDA:152,11,0,6
BRDA:152,11,1,0
BRDA:152,11,2,0
BRDA:152,11,3,0
BRDA:162,12,0,0
BRDA:175,13,0,6
BRDA:179,14,0,3
BRDA:179,14,1,1
BRDA:179,14,2,0
BRDA:179,14,3,0
BRDA:179,14,4,0
BRDA:179,14,5,0
BRDA:179,14,6,1
BRDA:179,14,7,1
BRDA:229,15,0,3
BRDA:229,16,0,4
BRDA:229,16,1,3
BRDA:248,17,0,3
BRDA:249,18,0,3
BRDA:249,18,1,0
BRDA:249,19,0,3
BRDA:249,19,1,0
BRDA:252,20,0,0
BRDA:268,21,0,1
BRDA:275,22,0,0
BRDA:275,22,1,3
BRDA:275,23,0,3
BRDA:275,23,1,0
BRDA:277,24,0,3
BRDA:277,24,1,0
BRDA:278,25,0,3
BRDA:278,25,1,3
BRDA:282,26,0,0
BRDA:282,27,0,0
BRDA:282,27,1,0
BRDA:300,28,0,0
BRDA:307,29,0,0
BRDA:330,30,0,0
BRDA:339,31,0,0
BRDA:363,32,0,0
BRDA:373,33,0,0
BRDA:392,34,0,3
BRDA:398,35,0,3
BRDA:414,36,0,3
BRDA:414,37,0,4
BRDA:414,37,1,3
BRDA:433,38,0,3
BRDA:436,39,0,3
BRDA:440,40,0,3
BRDA:457,41,0,4
BRDA:461,42,0,0
BRDA:461,42,1,0
BRDA:473,43,0,0
BRDA:473,43,1,0
BRDA:473,43,2,0
BRDA:521,44,0,3
BRDA:532,45,0,1
BRDA:535,46,0,1
BRDA:548,47,0,0
BRDA:568,48,0,0
BRDA:591,49,0,0
BRDA:602,50,0,0
BRDA:626,51,0,0
BRDA:637,52,0,0
BRDA:654,53,0,0
BRDA:654,53,1,0
BRDA:676,54,0,0
BRDA:687,55,0,0
BRDA:692,56,0,0
BRDA:692,56,1,0
BRDA:694,57,0,0
BRDA:694,58,0,0
BRDA:694,58,1,0
BRDA:715,59,0,0
BRDA:750,60,0,0
BRDA:754,61,0,0
BRDA:754,61,1,0
BRDA:758,62,0,0
BRDA:762,63,0,0
BRDA:762,63,1,0
BRDA:770,64,0,0
BRDA:780,65,0,0
BRDA:780,65,1,0
BRDA:780,66,0,0
BRDA:780,66,1,0
BRDA:802,67,0,0
BRDA:810,68,0,1
BRDA:816,69,0,0
BRDA:816,70,0,1
BRDA:816,70,1,1
BRDA:828,71,0,0
BRDA:828,71,1,0
BRDA:830,72,0,0
BRDA:830,72,1,0
BRDA:844,73,0,4
BRDA:849,74,0,1
BRDA:853,75,0,0
BRDA:853,76,0,4
BRDA:853,76,1,4
BRDA:857,77,0,0
BRDA:861,78,0,0
BRDA:869,79,0,3
BRDA:869,79,1,1
BRDA:881,80,0,0
BRDA:881,80,1,1
BRDA:883,81,0,0
BRDA:883,81,1,1
BRDA:885,82,0,0
BRDA:885,82,1,1
BRDA:887,83,0,0
BRDA:887,83,1,1
BRDA:889,84,0,0
BRDA:889,84,1,1
BRDA:889,85,0,1
BRDA:889,85,1,0
BRDA:901,86,0,1
BRDA:906,87,0,1
BRDA:910,88,0,1
BRDA:910,88,1,1
BRDA:912,89,0,1
BRDA:912,89,1,1
BRDA:936,90,0,0
BRDA:937,91,0,0
BRDA:937,91,1,0
BRDA:950,92,0,5
BRDA:950,92,1,0
BRF:141
BRH:61
end_of_record
TN:
SF:src/protocol/H02ProtocolEncoder.ts
FN:16,(anonymous_0)
FN:25,(anonymous_1)
FN:37,(anonymous_2)
FN:86,(anonymous_3)
FN:117,(anonymous_4)
FN:135,(anonymous_5)
FNF:6
FNH:6
FNDA:18,(anonymous_0)
FNDA:8,(anonymous_1)
FNDA:10,(anonymous_2)
FNDA:7,(anonymous_3)
FNDA:10,(anonymous_4)
FNDA:4,(anonymous_5)
DA:1,2
DA:6,2
DA:7,2
DA:8,18
DA:9,18
DA:10,18
DA:17,18
DA:27,8
DA:28,8
DA:38,10
DA:39,10
DA:40,1
DA:43,9
DA:45,9
DA:47,2
DA:50,1
DA:53,1
DA:56,1
DA:59,3
DA:60,3
DA:61,1
DA:64,2
DA:67,1
DA:69,1
DA:74,1
DA:93,7
DA:94,7
DA:95,7
DA:96,7
DA:99,7
DA:102,7
DA:103,13
DA:107,7
DA:109,7
DA:119,10
DA:120,1
DA:125,9
DA:126,9
DA:137,4
DA:138,4
DA:139,1
DA:143,3
DA:144,3
DA:145,1
DA:149,2
DA:150,1
DA:154,1
LF:47
LH:47
BRDA:16,0,0,15
BRDA:39,1,0,1
BRDA:45,2,0,2
BRDA:45,2,1,1
BRDA:45,2,2,1
BRDA:45,2,3,1
BRDA:45,2,4,3
BRDA:45,2,5,1
BRDA:60,3,0,1
BRDA:64,4,0,1
BRDA:64,4,1,1
BRDA:119,5,0,1
BRDA:120,6,0,1
BRDA:120,6,1,1
BRDA:138,7,0,1
BRDA:144,8,0,1
BRDA:149,9,0,1
BRF:17
BRH:17
end_of_record
TN:
SF:src/utils/BcdUtil.ts
FN:10,(anonymous_0)
FN:19,(anonymous_1)
FN:30,(anonymous_2)
FN:49,(anonymous_3)
FN:68,(anonymous_4)
FN:96,(anonymous_5)
FNF:6
FNH:6
FNDA:12,(anonymous_0)
FNDA:39,(anonymous_1)
FNDA:18,(anonymous_2)
FNDA:3,(anonymous_3)
FNDA:3,(anonymous_4)
FNDA:9,(anonymous_5)
DA:4,3
DA:11,12
DA:20,39
DA:35,18
DA:36,18
DA:37,34
DA:39,18
DA:55,3
DA:56,7
DA:57,7
DA:73,3
DA:74,3
DA:75,10
DA:76,10
DA:79,10
DA:80,8
DA:82,10
DA:83,8
DA:86,3
DA:102,9
DA:103,9
DA:106,9
DA:107,25
DA:108,2
DA:110,23
DA:112,23
DA:113,23
LF:27
LH:27
BRDA:79,0,0,8
BRDA:82,1,0,8
BRDA:107,2,0,2
BRDA:107,2,1,23
BRDA:110,3,0,23
BRDA:110,3,1,0
BRDA:112,4,0,18
BRDA:112,4,1,5
BRF:8
BRH:7
end_of_record
TN:
SF:src/utils/BitUtil.ts
FN:11,(anonymous_0)
FN:21,(anonymous_1)
FN:31,(anonymous_2)
FN:42,(anonymous_3)
FN:52,(anonymous_4)
FN:64,(anonymous_5)
FNF:6
FNH:6
FNDA:6,(anonymous_0)
FNDA:6,(anonymous_1)
FNDA:7,(anonymous_2)
FNDA:10,(anonymous_3)
FNDA:16,(anonymous_4)
FNDA:19,(anonymous_5)
DA:4,2
DA:12,6
DA:22,6
DA:32,7
DA:43,10
DA:44,10
DA:53,16
DA:54,3
DA:56,13
DA:65,19
LF:10
LH:10
BRDA:53,0,0,3
BRDA:65,1,0,19
BRDA:65,1,1,16
BRF:3
BRH:3
end_of_record
TN:
SF:src/utils/DateBuilder.ts
FN:11,(anonymous_0)
FN:20,(anonymous_1)
FN:30,(anonymous_2)
FN:40,(anonymous_3)
FN:50,(anonymous_4)
FN:60,(anonymous_5)
FN:70,(anonymous_6)
FN:80,(anonymous_7)
FN:92,(anonymous_8)
FN:107,(anonymous_9)
FN:128,(anonymous_10)
FN:145,(anonymous_11)
FN:153,(anonymous_12)
FNF:13
FNH:13
FNDA:22,(anonymous_0)
FNDA:10,(anonymous_1)
FNDA:10,(anonymous_2)
FNDA:10,(anonymous_3)
FNDA:8,(anonymous_4)
FNDA:8,(anonymous_5)
FNDA:8,(anonymous_6)
FNDA:7,(anonymous_7)
FNDA:7,(anonymous_8)
FNDA:5,(anonymous_9)
FNDA:6,(anonymous_10)
FNDA:21,(anonymous_11)
FNDA:1,(anonymous_12)
DA:4,3
DA:12,22
DA:21,10
DA:22,10
DA:31,10
DA:32,10
DA:41,10
DA:42,10
DA:51,8
DA:52,8
DA:61,8
DA:62,8
DA:71,8
DA:72,8
DA:81,7
DA:82,7
DA:93,7
DA:94,7
DA:95,7
DA:96,7
DA:113,5
DA:114,5
DA:115,5
DA:116,5
DA:117,5
DA:130,6
DA:131,5
DA:132,1
DA:134,4
DA:138,6
DA:146,21
DA:154,1
LF:32
LH:32
BRDA:12,0,0,9
BRDA:12,0,1,13
BRDA:111,1,0,4
BRDA:130,2,0,5
BRDA:131,3,0,1
BRDA:131,3,1,4
BRF:6
BRH:6
end_of_record
